Listing closed tickets since: 2026-02-25T01:15:00+07:00 (use GORGIAS_SINCE to override)
Tickets to process (loops): 192

========== [1/192] ticket #260440543 ==========

> open-source-sex-machine@1.0.0 ossm /Users/aj/RAD/docs/Documentation
> node ./_scripts/run.js gorgias-tickets --analyze --ticket-id 260440543


[35m[1mрҹ”Қ Analyzing 1 tickets for documentation gaps...[0m


[34mв”Җв”Җв”Җв”Җв”Җв”Җв”Җв”Җв”Җв”Җв”Җв”Җв”Җв”Җв”Җв”Җв”Җв”Җв”Җв”Җв”Җв”Җв”Җв”Җв”Җв”Җв”Җв”Җв”Җв”Җв”Җв”Җв”Җв”Җв”Җв”Җв”Җв”Җв”Җв”Җв”Җв”Җв”Җв”Җв”Җв”Җв”Җв”Җв”Җв”Җв”Җв”Җв”Җв”Җв”Җв”Җв”Җв”Җв”Җв”Җв”Җв”Җв”Җв”Җв”Җв”Җв”Җв”Җв”Җв”Җв”Җв”Җв”Җв”Җв”Җв”Җв”Җв”Җв”Җв”Җ[0m
[1m[1/1][0m [36mAnalyzing Ticket [33m#260440543[0m
  [2mSubject:[0m Request to Close Account: lockedlydia
  [2mProduct:[0m [35mDashboard[0m
  [2mContact Reason:[0m Tech Support::Dashboard account management
Error: Authentication required. Please run 'agent login' first, or set CURSOR_API_KEY environment variable.
    [31mвҡ  AI analysis error: Command failed: agent --print --model composer-2-fast --force --workspace "/Users/aj/RAD/docs/Documentation" 'You are analyzing a customer support conversation to determine if the documentation needs updating.

## Support Ticket Data
```json
{
  "ticket_id": 260440543,
  "subject": "Request to Close Account: lockedlydia",
  "channel": "email",
  "contact_reason": "Tech Support::Dashboard account management",
  "product": "Dashboard",
  "tags": [
    "dashboard",
    "medium",
    "dashboard-help-form",
    "no-docs-made"
  ],
  "messages": [
    {
      "from_agent": false,
      "text": "I would like to close my account (named lockedlydia)"
    },
    {
      "from_agent": true,
      "text": "Hi there,\n\nThanks for reaching out! I'\''ve deleted the account associated with that email address."
    }
  ]
}
```

## Your Task

1. **Identify the customer'\''s problem** from the conversation messages (from_agent: false = customer, from_agent: true = agent)

2. **Search the existing documentation** in this workspace to determine if it already covers this problem adequately. @/Users/aj/RAD/docs/Documentation/Documentation
   - Look in the relevant product folder based on the "product" field (e.g., "Lockbox" -> Documentation/lockbox/, "Dashboard" -> Documentation/dashboard/, "Trainer" -> Documentation/dtt/, "OSSM" -> Documentation/ossm/, "Wireless Remote" -> Documentation/radr/)
   - If the product is not in the Documentation folder, check the "Documentation/shop" folder.
   - Check FAQs, quick-start guides, and technical docs

3. **Make a decision**:
   - If the documentation ALREADY covers this problem adequately: Output exactly "DOCS_EXIST" on a line by itself and explain why no changes are needed.
   - If the documentation does NOT cover this problem OR is incomplete: Update or create the necessary documentation.

## Rules for Documentation Updates
- Only create/update docs if there'\''s a genuine gap
- Don'\''t make unnecessary changes
- Place new content in the most appropriate existing file, or create a new file only if necessary
- Follow the existing MDX format and structure
- Be concise and helpful

## Output Format
Your FINAL line must be exactly one of:
- "DOCS_EXIST" - if no documentation changes were needed and were made
- "DOCS_CREATED" - if you created or updated documentation


When rewriting apply these rules:

@/Users/aj/RAD/docs/Documentation/.cursor/rules.mdc
'
Error: Authentication required. Please run 'agent login' first, or set CURSOR_API_KEY environment variable.
[0m
  [33mрҹ“„ Result: No docs needed[0m
  [2mAdding tag: [36mno-docs-made[0m
  [32mвң“ Tag added successfully[0m

[1m[37mв•җв•җв•җв•җв•җв•җв•җв•җв•җв•җв•җв•җв•җв•җв•җв•җв•җв•җв•җв•җв•җв•җв•җв•җв•җв•җв•җв•җв•җв•җв•җв•җв•җв•җв•җв•җв•җв•җв•җв•җв•җв•җв•җв•җв•җв•җв•җв•җв•җв•җв•җв•җв•җв•җв•җв•җв•җв•җв•җв•җв•җв•җв•җв•җв•җв•җв•җв•җв•җв•җв•җв•җв•җв•җв•җв•җв•җв•җв•җв•җ[0m
[1m[37mрҹ“Ҡ SUMMARY[0m
[1m[37mв•җв•җв•җв•җв•җв•җв•җв•җв•җв•җв•җв•җв•җв•җв•җв•җв•җв•җв•җв•җв•җв•җв•җв•җв•җв•җв•җв•җв•җв•җв•җв•җв•җв•җв•җв•җв•җв•җв•җв•җв•җв•җв•җв•җв•җв•җв•җв•җв•җв•җв•җв•җв•җв•җв•җв•җв•җв•җв•җв•җв•җв•җв•җв•җв•җв•җв•җв•җв•җв•җв•җв•җв•җв•җв•җв•җв•җв•җв•җв•җ[0m

  [36mTotal tickets analyzed:[0m      [1m1[0m
  [32mDocumentation created/updated:[0m [1m[32m0[0m
  [33mNo documentation needed:[0m       [1m1[0m


========== [2/192] ticket #260334062 ==========

> open-source-sex-machine@1.0.0 ossm /Users/aj/RAD/docs/Documentation
> node ./_scripts/run.js gorgias-tickets --analyze --ticket-id 260334062


[35m[1mрҹ”Қ Analyzing 1 tickets for documentation gaps...[0m


[34mв”Җв”Җв”Җв”Җв”Җв”Җв”Җв”Җв”Җв”Җв”Җв”Җв”Җв”Җв”Җв”Җв”Җв”Җв”Җв”Җв”Җв”Җв”Җв”Җв”Җв”Җв”Җв”Җв”Җв”Җв”Җв”Җв”Җв”Җв”Җв”Җв”Җв”Җв”Җв”Җв”Җв”Җв”Җв”Җв”Җв”Җв”Җв”Җв”Җв”Җв”Җв”Җв”Җв”Җв”Җв”Җв”Җв”Җв”Җв”Җв”Җв”Җв”Җв”Җв”Җв”Җв”Җв”Җв”Җв”Җв”Җв”Җв”Җв”Җв”Җв”Җв”Җв”Җв”Җв”Җ[0m
[1m[1/1][0m [36mAnalyzing Ticket [33m#260334062[0m
  [2mSubject:[0m New customer message on April 10, 2026 at 9:08 pm
  [2mProduct:[0m [35mOSSM[0m
  [2mContact Reason:[0m Pre-sale::Product question
Error: Authentication required. Please run 'agent login' first, or set CURSOR_API_KEY environment variable.
    [31mвҡ  AI analysis error: Command failed: agent --print --model composer-2-fast --force --workspace "/Users/aj/RAD/docs/Documentation" 'You are analyzing a customer support conversation to determine if the documentation needs updating.

## Support Ticket Data
```json
{
  "ticket_id": 260334062,
  "subject": "New customer message on April 10, 2026 at 9:08 pm",
  "channel": "email",
  "contact_reason": "Pre-sale::Product question",
  "product": "OSSM",
  "tags": [
    "no-docs-made"
  ],
  "messages": [
    {
      "from_agent": false,
      "text": "New customer message on April 10, 2026 at 9:08 pm   \n \n\nYou received a new message from your online store'\''s contact form. \n \n Country Code: US \n Name: Jack \n Email: jackslay96@gmail.com \n Body: Do you sell a version of the DIY kit with a 36V power supply?"
    },
    {
      "from_agent": true,
      "text": "Hi Jack,\n\nThanks for reaching out! At present we only offer the machine with a 24V power supply. We don'\''t usually recommend a 36V supply because there is a small chance its usage can short the board if you unplug the PSU via the barrel jack and not the wall socket. If you do opt for a third party 36V supply, just make sure you always unplug the device via the wall socket and not the barrel jack."
    }
  ]
}
```

## Your Task

1. **Identify the customer'\''s problem** from the conversation messages (from_agent: false = customer, from_agent: true = agent)

2. **Search the existing documentation** in this workspace to determine if it already covers this problem adequately. @/Users/aj/RAD/docs/Documentation/Documentation
   - Look in the relevant product folder based on the "product" field (e.g., "Lockbox" -> Documentation/lockbox/, "Dashboard" -> Documentation/dashboard/, "Trainer" -> Documentation/dtt/, "OSSM" -> Documentation/ossm/, "Wireless Remote" -> Documentation/radr/)
   - If the product is not in the Documentation folder, check the "Documentation/shop" folder.
   - Check FAQs, quick-start guides, and technical docs

3. **Make a decision**:
   - If the documentation ALREADY covers this problem adequately: Output exactly "DOCS_EXIST" on a line by itself and explain why no changes are needed.
   - If the documentation does NOT cover this problem OR is incomplete: Update or create the necessary documentation.

## Rules for Documentation Updates
- Only create/update docs if there'\''s a genuine gap
- Don'\''t make unnecessary changes
- Place new content in the most appropriate existing file, or create a new file only if necessary
- Follow the existing MDX format and structure
- Be concise and helpful

## Output Format
Your FINAL line must be exactly one of:
- "DOCS_EXIST" - if no documentation changes were needed and were made
- "DOCS_CREATED" - if you created or updated documentation


When rewriting apply these rules:

@/Users/aj/RAD/docs/Documentation/.cursor/rules.mdc
'
Error: Authentication required. Please run 'agent login' first, or set CURSOR_API_KEY environment variable.
[0m
  [33mрҹ“„ Result: No docs needed[0m
  [2mAdding tag: [36mno-docs-made[0m
  [32mвң“ Tag added successfully[0m

[1m[37mв•җв•җв•җв•җв•җв•җв•җв•җв•җв•җв•җв•җв•җв•җв•җв•җв•җв•җв•җв•җв•җв•җв•җв•җв•җв•җв•җв•җв•җв•җв•җв•җв•җв•җв•җв•җв•җв•җв•җв•җв•җв•җв•җв•җв•җв•җв•җв•җв•җв•җв•җв•җв•җв•җв•җв•җв•җв•җв•җв•җв•җв•җв•җв•җв•җв•җв•җв•җв•җв•җв•җв•җв•җв•җв•җв•җв•җв•җв•җв•җ[0m
[1m[37mрҹ“Ҡ SUMMARY[0m
[1m[37mв•җв•җв•җв•җв•җв•җв•җв•җв•җв•җв•җв•җв•җв•җв•җв•җв•җв•җв•җв•җв•җв•җв•җв•җв•җв•җв•җв•җв•җв•җв•җв•җв•җв•җв•җв•җв•җв•җв•җв•җв•җв•җв•җв•җв•җв•җв•җв•җв•җв•җв•җв•җв•җв•җв•җв•җв•җв•җв•җв•җв•җв•җв•җв•җв•җв•җв•җв•җв•җв•җв•җв•җв•җв•җв•җв•җв•җв•җв•җв•җ[0m

  [36mTotal tickets analyzed:[0m      [1m1[0m
  [32mDocumentation created/updated:[0m [1m[32m0[0m
  [33mNo documentation needed:[0m       [1m1[0m


========== [3/192] ticket #260279937 ==========

> open-source-sex-machine@1.0.0 ossm /Users/aj/RAD/docs/Documentation
> node ./_scripts/run.js gorgias-tickets --analyze --ticket-id 260279937


[35m[1mрҹ”Қ Analyzing 1 tickets for documentation gaps...[0m


[34mв”Җв”Җв”Җв”Җв”Җв”Җв”Җв”Җв”Җв”Җв”Җв”Җв”Җв”Җв”Җв”Җв”Җв”Җв”Җв”Җв”Җв”Җв”Җв”Җв”Җв”Җв”Җв”Җв”Җв”Җв”Җв”Җв”Җв”Җв”Җв”Җв”Җв”Җв”Җв”Җв”Җв”Җв”Җв”Җв”Җв”Җв”Җв”Җв”Җв”Җв”Җв”Җв”Җв”Җв”Җв”Җв”Җв”Җв”Җв”Җв”Җв”Җв”Җв”Җв”Җв”Җв”Җв”Җв”Җв”Җв”Җв”Җв”Җв”Җв”Җв”Җв”Җв”Җв”Җв”Җ[0m
[1m[1/1][0m [36mAnalyzing Ticket [33m#260279937[0m
  [2mSubject:[0m Conversation with Customer #925119075
  [2mProduct:[0m [35mUnknown[0m
  [2mContact Reason:[0m Unknown
Error: Authentication required. Please run 'agent login' first, or set CURSOR_API_KEY environment variable.
    [31mвҡ  AI analysis error: Command failed: agent --print --model composer-2-fast --force --workspace "/Users/aj/RAD/docs/Documentation" 'You are analyzing a customer support conversation to determine if the documentation needs updating.

## Support Ticket Data
```json
{
  "ticket_id": 260279937,
  "subject": "Conversation with Customer #925119075",
  "channel": "chat",
  "contact_reason": null,
  "product": null,
  "tags": [
    "ai_close",
    "ai_answered",
    "no-docs-made"
  ],
  "messages": [
    {
      "from_agent": false,
      "text": "Is the OSSM easy to store?"
    },
    {
      "from_agent": true,
      "text": "Yes, the OSSM is compact and lightweight for storing and transporting. We also include an empty black sandbag that does a great job keeping things where they need to be. Is there anything else I can help you with today?"
    }
  ]
}
```

## Your Task

1. **Identify the customer'\''s problem** from the conversation messages (from_agent: false = customer, from_agent: true = agent)

2. **Search the existing documentation** in this workspace to determine if it already covers this problem adequately. @/Users/aj/RAD/docs/Documentation/Documentation
   - Look in the relevant product folder based on the "product" field (e.g., "Lockbox" -> Documentation/lockbox/, "Dashboard" -> Documentation/dashboard/, "Trainer" -> Documentation/dtt/, "OSSM" -> Documentation/ossm/, "Wireless Remote" -> Documentation/radr/)
   - If the product is not in the Documentation folder, check the "Documentation/shop" folder.
   - Check FAQs, quick-start guides, and technical docs

3. **Make a decision**:
   - If the documentation ALREADY covers this problem adequately: Output exactly "DOCS_EXIST" on a line by itself and explain why no changes are needed.
   - If the documentation does NOT cover this problem OR is incomplete: Update or create the necessary documentation.

## Rules for Documentation Updates
- Only create/update docs if there'\''s a genuine gap
- Don'\''t make unnecessary changes
- Place new content in the most appropriate existing file, or create a new file only if necessary
- Follow the existing MDX format and structure
- Be concise and helpful

## Output Format
Your FINAL line must be exactly one of:
- "DOCS_EXIST" - if no documentation changes were needed and were made
- "DOCS_CREATED" - if you created or updated documentation


When rewriting apply these rules:

@/Users/aj/RAD/docs/Documentation/.cursor/rules.mdc
'
Error: Authentication required. Please run 'agent login' first, or set CURSOR_API_KEY environment variable.
[0m
  [33mрҹ“„ Result: No docs needed[0m
  [2mAdding tag: [36mno-docs-made[0m
  [32mвң“ Tag added successfully[0m

[1m[37mв•җв•җв•җв•җв•җв•җв•җв•җв•җв•җв•җв•җв•җв•җв•җв•җв•җв•җв•җв•җв•җв•җв•җв•җв•җв•җв•җв•җв•җв•җв•җв•җв•җв•җв•җв•җв•җв•җв•җв•җв•җв•җв•җв•җв•җв•җв•җв•җв•җв•җв•җв•җв•җв•җв•җв•җв•җв•җв•җв•җв•җв•җв•җв•җв•җв•җв•җв•җв•җв•җв•җв•җв•җв•җв•җв•җв•җв•җв•җв•җ[0m
[1m[37mрҹ“Ҡ SUMMARY[0m
[1m[37mв•җв•җв•җв•җв•җв•җв•җв•җв•җв•җв•җв•җв•җв•җв•җв•җв•җв•җв•җв•җв•җв•җв•җв•җв•җв•җв•җв•җв•җв•җв•җв•җв•җв•җв•җв•җв•җв•җв•җв•җв•җв•җв•җв•җв•җв•җв•җв•җв•җв•җв•җв•җв•җв•җв•җв•җв•җв•җв•җв•җв•җв•җв•җв•җв•җв•җв•җв•җв•җв•җв•җв•җв•җв•җв•җв•җв•җв•җв•җв•җ[0m

  [36mTotal tickets analyzed:[0m      [1m1[0m
  [32mDocumentation created/updated:[0m [1m[32m0[0m
  [33mNo documentation needed:[0m       [1m1[0m


========== [4/192] ticket #260246128 ==========

> open-source-sex-machine@1.0.0 ossm /Users/aj/RAD/docs/Documentation
> node ./_scripts/run.js gorgias-tickets --analyze --ticket-id 260246128


[35m[1mрҹ”Қ Analyzing 1 tickets for documentation gaps...[0m


[34mв”Җв”Җв”Җв”Җв”Җв”Җв”Җв”Җв”Җв”Җв”Җв”Җв”Җв”Җв”Җв”Җв”Җв”Җв”Җв”Җв”Җв”Җв”Җв”Җв”Җв”Җв”Җв”Җв”Җв”Җв”Җв”Җв”Җв”Җв”Җв”Җв”Җв”Җв”Җв”Җв”Җв”Җв”Җв”Җв”Җв”Җв”Җв”Җв”Җв”Җв”Җв”Җв”Җв”Җв”Җв”Җв”Җв”Җв”Җв”Җв”Җв”Җв”Җв”Җв”Җв”Җв”Җв”Җв”Җв”Җв”Җв”Җв”Җв”Җв”Җв”Җв”Җв”Җв”Җв”Җ[0m
[1m[1/1][0m [36mAnalyzing Ticket [33m#260246128[0m
  [2mSubject:[0m Re: Order #5910 confirmed
  [2mProduct:[0m [35mOSSM[0m
  [2mContact Reason:[0m Order::Missing item
Error: Authentication required. Please run 'agent login' first, or set CURSOR_API_KEY environment variable.
    [31mвҡ  AI analysis error: Command failed: agent --print --model composer-2-fast --force --workspace "/Users/aj/RAD/docs/Documentation" 'You are analyzing a customer support conversation to determine if the documentation needs updating.

## Support Ticket Data
```json
{
  "ticket_id": 260246128,
  "subject": "Re: Order #5910 confirmed",
  "channel": "email",
  "contact_reason": "Order::Missing item",
  "product": "OSSM",
  "tags": [
    "no-docs-made"
  ],
  "messages": [
    {
      "from_agent": false,
      "text": "Hi, \nthis order arrived today, but I received a main PCB instead of the one for the remote. \nI assume a simple mixup when packing the order. I attached an image of what was in the box."
    },
    {
      "from_agent": true,
      "text": "Hi Lilly,\n\nSo sorry about that! Thank you for letting us know. We'\''re going to send your remote out to you ASAP - you'\''re welcome to keep the electronics board. You can expect to receive tracking info for the remote by tomorrow."
    }
  ]
}
```

## Your Task

1. **Identify the customer'\''s problem** from the conversation messages (from_agent: false = customer, from_agent: true = agent)

2. **Search the existing documentation** in this workspace to determine if it already covers this problem adequately. @/Users/aj/RAD/docs/Documentation/Documentation
   - Look in the relevant product folder based on the "product" field (e.g., "Lockbox" -> Documentation/lockbox/, "Dashboard" -> Documentation/dashboard/, "Trainer" -> Documentation/dtt/, "OSSM" -> Documentation/ossm/, "Wireless Remote" -> Documentation/radr/)
   - If the product is not in the Documentation folder, check the "Documentation/shop" folder.
   - Check FAQs, quick-start guides, and technical docs

3. **Make a decision**:
   - If the documentation ALREADY covers this problem adequately: Output exactly "DOCS_EXIST" on a line by itself and explain why no changes are needed.
   - If the documentation does NOT cover this problem OR is incomplete: Update or create the necessary documentation.

## Rules for Documentation Updates
- Only create/update docs if there'\''s a genuine gap
- Don'\''t make unnecessary changes
- Place new content in the most appropriate existing file, or create a new file only if necessary
- Follow the existing MDX format and structure
- Be concise and helpful

## Output Format
Your FINAL line must be exactly one of:
- "DOCS_EXIST" - if no documentation changes were needed and were made
- "DOCS_CREATED" - if you created or updated documentation


When rewriting apply these rules:

@/Users/aj/RAD/docs/Documentation/.cursor/rules.mdc
'
Error: Authentication required. Please run 'agent login' first, or set CURSOR_API_KEY environment variable.
[0m
  [33mрҹ“„ Result: No docs needed[0m
  [2mAdding tag: [36mno-docs-made[0m
  [32mвң“ Tag added successfully[0m

[1m[37mв•җв•җв•җв•җв•җв•җв•җв•җв•җв•җв•җв•җв•җв•җв•җв•җв•җв•җв•җв•җв•җв•җв•җв•җв•җв•җв•җв•җв•җв•җв•җв•җв•җв•җв•җв•җв•җв•җв•җв•җв•җв•җв•җв•җв•җв•җв•җв•җв•җв•җв•җв•җв•җв•җв•җв•җв•җв•җв•җв•җв•җв•җв•җв•җв•җв•җв•җв•җв•җв•җв•җв•җв•җв•җв•җв•җв•җв•җв•җв•җ[0m
[1m[37mрҹ“Ҡ SUMMARY[0m
[1m[37mв•җв•җв•җв•җв•җв•җв•җв•җв•җв•җв•җв•җв•җв•җв•җв•җв•җв•җв•җв•җв•җв•җв•җв•җв•җв•җв•җв•җв•җв•җв•җв•җв•җв•җв•җв•җв•җв•җв•җв•җв•җв•җв•җв•җв•җв•җв•җв•җв•җв•җв•җв•җв•җв•җв•җв•җв•җв•җв•җв•җв•җв•җв•җв•җв•җв•җв•җв•җв•җв•җв•җв•җв•җв•җв•җв•җв•җв•җв•җв•җ[0m

  [36mTotal tickets analyzed:[0m      [1m1[0m
  [32mDocumentation created/updated:[0m [1m[32m0[0m
  [33mNo documentation needed:[0m       [1m1[0m


========== [5/192] ticket #260208565 ==========

> open-source-sex-machine@1.0.0 ossm /Users/aj/RAD/docs/Documentation
> node ./_scripts/run.js gorgias-tickets --analyze --ticket-id 260208565


[35m[1mрҹ”Қ Analyzing 1 tickets for documentation gaps...[0m


[34mв”Җв”Җв”Җв”Җв”Җв”Җв”Җв”Җв”Җв”Җв”Җв”Җв”Җв”Җв”Җв”Җв”Җв”Җв”Җв”Җв”Җв”Җв”Җв”Җв”Җв”Җв”Җв”Җв”Җв”Җв”Җв”Җв”Җв”Җв”Җв”Җв”Җв”Җв”Җв”Җв”Җв”Җв”Җв”Җв”Җв”Җв”Җв”Җв”Җв”Җв”Җв”Җв”Җв”Җв”Җв”Җв”Җв”Җв”Җв”Җв”Җв”Җв”Җв”Җв”Җв”Җв”Җв”Җв”Җв”Җв”Җв”Җв”Җв”Җв”Җв”Җв”Җв”Җв”Җв”Җ[0m
[1m[1/1][0m [36mAnalyzing Ticket [33m#260208565[0m
  [2mSubject:[0m Conversation with Customer #924956958
  [2mProduct:[0m [35mUnknown[0m
  [2mContact Reason:[0m Unknown
Error: Authentication required. Please run 'agent login' first, or set CURSOR_API_KEY environment variable.
    [31mвҡ  AI analysis error: Command failed: agent --print --model composer-2-fast --force --workspace "/Users/aj/RAD/docs/Documentation" 'You are analyzing a customer support conversation to determine if the documentation needs updating.

## Support Ticket Data
```json
{
  "ticket_id": 260208565,
  "subject": "Conversation with Customer #924956958",
  "channel": "chat",
  "contact_reason": null,
  "product": null,
  "tags": [
    "ai_close",
    "ai_answered",
    "no-docs-made"
  ],
  "messages": [
    {
      "from_agent": false,
      "text": "How does the trainer track progress?"
    },
    {
      "from_agent": true,
      "text": "The Deepthroat Trainer uses an optical distance sensor to track head position and provides access to an online dashboard to view training results. Would you like to know more about the online features?"
    }
  ]
}
```

## Your Task

1. **Identify the customer'\''s problem** from the conversation messages (from_agent: false = customer, from_agent: true = agent)

2. **Search the existing documentation** in this workspace to determine if it already covers this problem adequately. @/Users/aj/RAD/docs/Documentation/Documentation
   - Look in the relevant product folder based on the "product" field (e.g., "Lockbox" -> Documentation/lockbox/, "Dashboard" -> Documentation/dashboard/, "Trainer" -> Documentation/dtt/, "OSSM" -> Documentation/ossm/, "Wireless Remote" -> Documentation/radr/)
   - If the product is not in the Documentation folder, check the "Documentation/shop" folder.
   - Check FAQs, quick-start guides, and technical docs

3. **Make a decision**:
   - If the documentation ALREADY covers this problem adequately: Output exactly "DOCS_EXIST" on a line by itself and explain why no changes are needed.
   - If the documentation does NOT cover this problem OR is incomplete: Update or create the necessary documentation.

## Rules for Documentation Updates
- Only create/update docs if there'\''s a genuine gap
- Don'\''t make unnecessary changes
- Place new content in the most appropriate existing file, or create a new file only if necessary
- Follow the existing MDX format and structure
- Be concise and helpful

## Output Format
Your FINAL line must be exactly one of:
- "DOCS_EXIST" - if no documentation changes were needed and were made
- "DOCS_CREATED" - if you created or updated documentation


When rewriting apply these rules:

@/Users/aj/RAD/docs/Documentation/.cursor/rules.mdc
'
Error: Authentication required. Please run 'agent login' first, or set CURSOR_API_KEY environment variable.
[0m
  [33mрҹ“„ Result: No docs needed[0m
  [2mAdding tag: [36mno-docs-made[0m
  [32mвң“ Tag added successfully[0m

[1m[37mв•җв•җв•җв•җв•җв•җв•җв•җв•җв•җв•җв•җв•җв•җв•җв•җв•җв•җв•җв•җв•җв•җв•җв•җв•җв•җв•җв•җв•җв•җв•җв•җв•җв•җв•җв•җв•җв•җв•җв•җв•җв•җв•җв•җв•җв•җв•җв•җв•җв•җв•җв•җв•җв•җв•җв•җв•җв•җв•җв•җв•җв•җв•җв•җв•җв•җв•җв•җв•җв•җв•җв•җв•җв•җв•җв•җв•җв•җв•җв•җ[0m
[1m[37mрҹ“Ҡ SUMMARY[0m
[1m[37mв•җв•җв•җв•җв•җв•җв•җв•җв•җв•җв•җв•җв•җв•җв•җв•җв•җв•җв•җв•җв•җв•җв•җв•җв•җв•җв•җв•җв•җв•җв•җв•җв•җв•җв•җв•җв•җв•җв•җв•җв•җв•җв•җв•җв•җв•җв•җв•җв•җв•җв•җв•җв•җв•җв•җв•җв•җв•җв•җв•җв•җв•җв•җв•җв•җв•җв•җв•җв•җв•җв•җв•җв•җв•җв•җв•җв•җв•җв•җв•җ[0m

  [36mTotal tickets analyzed:[0m      [1m1[0m
  [32mDocumentation created/updated:[0m [1m[32m0[0m
  [33mNo documentation needed:[0m       [1m1[0m


========== [6/192] ticket #260146877 ==========

> open-source-sex-machine@1.0.0 ossm /Users/aj/RAD/docs/Documentation
> node ./_scripts/run.js gorgias-tickets --analyze --ticket-id 260146877


[35m[1mрҹ”Қ Analyzing 1 tickets for documentation gaps...[0m


[34mв”Җв”Җв”Җв”Җв”Җв”Җв”Җв”Җв”Җв”Җв”Җв”Җв”Җв”Җв”Җв”Җв”Җв”Җв”Җв”Җв”Җв”Җв”Җв”Җв”Җв”Җв”Җв”Җв”Җв”Җв”Җв”Җв”Җв”Җв”Җв”Җв”Җв”Җв”Җв”Җв”Җв”Җв”Җв”Җв”Җв”Җв”Җв”Җв”Җв”Җв”Җв”Җв”Җв”Җв”Җв”Җв”Җв”Җв”Җв”Җв”Җв”Җв”Җв”Җв”Җв”Җв”Җв”Җв”Җв”Җв”Җв”Җв”Җв”Җв”Җв”Җв”Җв”Җв”Җв”Җ[0m
[1m[1/1][0m [36mAnalyzing Ticket [33m#260146877[0m
  [2mSubject:[0m Issue with purchase from R+D Labs.#5813
  [2mProduct:[0m [35mTrainer[0m
  [2mContact Reason:[0m Pre-sale::Product question
Error: Authentication required. Please run 'agent login' first, or set CURSOR_API_KEY environment variable.
    [31mвҡ  AI analysis error: Command failed: agent --print --model composer-2-fast --force --workspace "/Users/aj/RAD/docs/Documentation" 'You are analyzing a customer support conversation to determine if the documentation needs updating.

## Support Ticket Data
```json
{
  "ticket_id": 260146877,
  "subject": "Issue with purchase from R+D Labs.#5813",
  "channel": "email",
  "contact_reason": "Pre-sale::Product question",
  "product": "Trainer",
  "tags": [
    "no-docs-made"
  ],
  "messages": [
    {
      "from_agent": false,
      "text": "Heya Guys, \nI have now received my OSSM kit. \nI ordered the motor and PSU separately. \n \nNow that it is here, i think that there are still some bits that i need. \nI thought i had ordered a complete kit, not pre-assembled. \n \nCan you let me know what other bits i need to finish the project now and organise another order for me to get it complete. \n \nThanks heaps, Mat."
    },
    {
      "from_agent": true,
      "text": "Hi Matt,\n\nThanks for reaching out! You'\''ll also want to purchase a stand for the machine - you can find a link to the Extrusion Mount - Full kit here."
    }
  ]
}
```

## Your Task

1. **Identify the customer'\''s problem** from the conversation messages (from_agent: false = customer, from_agent: true = agent)

2. **Search the existing documentation** in this workspace to determine if it already covers this problem adequately. @/Users/aj/RAD/docs/Documentation/Documentation
   - Look in the relevant product folder based on the "product" field (e.g., "Lockbox" -> Documentation/lockbox/, "Dashboard" -> Documentation/dashboard/, "Trainer" -> Documentation/dtt/, "OSSM" -> Documentation/ossm/, "Wireless Remote" -> Documentation/radr/)
   - If the product is not in the Documentation folder, check the "Documentation/shop" folder.
   - Check FAQs, quick-start guides, and technical docs

3. **Make a decision**:
   - If the documentation ALREADY covers this problem adequately: Output exactly "DOCS_EXIST" on a line by itself and explain why no changes are needed.
   - If the documentation does NOT cover this problem OR is incomplete: Update or create the necessary documentation.

## Rules for Documentation Updates
- Only create/update docs if there'\''s a genuine gap
- Don'\''t make unnecessary changes
- Place new content in the most appropriate existing file, or create a new file only if necessary
- Follow the existing MDX format and structure
- Be concise and helpful

## Output Format
Your FINAL line must be exactly one of:
- "DOCS_EXIST" - if no documentation changes were needed and were made
- "DOCS_CREATED" - if you created or updated documentation


When rewriting apply these rules:

@/Users/aj/RAD/docs/Documentation/.cursor/rules.mdc
'
Error: Authentication required. Please run 'agent login' first, or set CURSOR_API_KEY environment variable.
[0m
  [33mрҹ“„ Result: No docs needed[0m
  [2mAdding tag: [36mno-docs-made[0m
  [32mвң“ Tag added successfully[0m

[1m[37mв•җв•җв•җв•җв•җв•җв•җв•җв•җв•җв•җв•җв•җв•җв•җв•җв•җв•җв•җв•җв•җв•җв•җв•җв•җв•җв•җв•җв•җв•җв•җв•җв•җв•җв•җв•җв•җв•җв•җв•җв•җв•җв•җв•җв•җв•җв•җв•җв•җв•җв•җв•җв•җв•җв•җв•җв•җв•җв•җв•җв•җв•җв•җв•җв•җв•җв•җв•җв•җв•җв•җв•җв•җв•җв•җв•җв•җв•җв•җв•җ[0m
[1m[37mрҹ“Ҡ SUMMARY[0m
[1m[37mв•җв•җв•җв•җв•җв•җв•җв•җв•җв•җв•җв•җв•җв•җв•җв•җв•җв•җв•җв•җв•җв•җв•җв•җв•җв•җв•җв•җв•җв•җв•җв•җв•җв•җв•җв•җв•җв•җв•җв•җв•җв•җв•җв•җв•җв•җв•җв•җв•җв•җв•җв•җв•җв•җв•җв•җв•җв•җв•җв•җв•җв•җв•җв•җв•җв•җв•җв•җв•җв•җв•җв•җв•җв•җв•җв•җв•җв•җв•җв•җ[0m

  [36mTotal tickets analyzed:[0m      [1m1[0m
  [32mDocumentation created/updated:[0m [1m[32m0[0m
  [33mNo documentation needed:[0m       [1m1[0m


========== [7/192] ticket #260027538 ==========

> open-source-sex-machine@1.0.0 ossm /Users/aj/RAD/docs/Documentation
> node ./_scripts/run.js gorgias-tickets --analyze --ticket-id 260027538


[35m[1mрҹ”Қ Analyzing 1 tickets for documentation gaps...[0m


[34mв”Җв”Җв”Җв”Җв”Җв”Җв”Җв”Җв”Җв”Җв”Җв”Җв”Җв”Җв”Җв”Җв”Җв”Җв”Җв”Җв”Җв”Җв”Җв”Җв”Җв”Җв”Җв”Җв”Җв”Җв”Җв”Җв”Җв”Җв”Җв”Җв”Җв”Җв”Җв”Җв”Җв”Җв”Җв”Җв”Җв”Җв”Җв”Җв”Җв”Җв”Җв”Җв”Җв”Җв”Җв”Җв”Җв”Җв”Җв”Җв”Җв”Җв”Җв”Җв”Җв”Җв”Җв”Җв”Җв”Җв”Җв”Җв”Җв”Җв”Җв”Җв”Җв”Җв”Җв”Җ[0m
[1m[1/1][0m [36mAnalyzing Ticket [33m#260027538[0m
  [2mSubject:[0m Re: Order #5915 confirmed
  [2mProduct:[0m [35mOSSM[0m
  [2mContact Reason:[0m Order::Status
Error: Authentication required. Please run 'agent login' first, or set CURSOR_API_KEY environment variable.
    [31mвҡ  AI analysis error: Command failed: agent --print --model composer-2-fast --force --workspace "/Users/aj/RAD/docs/Documentation" 'You are analyzing a customer support conversation to determine if the documentation needs updating.

## Support Ticket Data
```json
{
  "ticket_id": 260027538,
  "subject": "Re: Order #5915 confirmed",
  "channel": "email",
  "contact_reason": "Order::Status",
  "product": "OSSM",
  "tags": [
    "no-docs-made"
  ],
  "messages": [
    {
      "from_agent": false,
      "text": "Hi, \n\nDo you have any updates on this order? Just want to make sure it was actually confirmed!"
    },
    {
      "from_agent": true,
      "text": "Hi Samuel,\n\nThanks for reaching out! Your order is in our queue, and we expect to ship it out to you by end of week! Once your order has shipped, you'\''ll receive tracking info via email."
    },
    {
      "from_agent": false,
      "text": "Thank you for getting back to me! Got the update."
    },
    {
      "from_agent": true,
      "text": "For sure! Hope you have a great week."
    }
  ]
}
```

## Your Task

1. **Identify the customer'\''s problem** from the conversation messages (from_agent: false = customer, from_agent: true = agent)

2. **Search the existing documentation** in this workspace to determine if it already covers this problem adequately. @/Users/aj/RAD/docs/Documentation/Documentation
   - Look in the relevant product folder based on the "product" field (e.g., "Lockbox" -> Documentation/lockbox/, "Dashboard" -> Documentation/dashboard/, "Trainer" -> Documentation/dtt/, "OSSM" -> Documentation/ossm/, "Wireless Remote" -> Documentation/radr/)
   - If the product is not in the Documentation folder, check the "Documentation/shop" folder.
   - Check FAQs, quick-start guides, and technical docs

3. **Make a decision**:
   - If the documentation ALREADY covers this problem adequately: Output exactly "DOCS_EXIST" on a line by itself and explain why no changes are needed.
   - If the documentation does NOT cover this problem OR is incomplete: Update or create the necessary documentation.

## Rules for Documentation Updates
- Only create/update docs if there'\''s a genuine gap
- Don'\''t make unnecessary changes
- Place new content in the most appropriate existing file, or create a new file only if necessary
- Follow the existing MDX format and structure
- Be concise and helpful

## Output Format
Your FINAL line must be exactly one of:
- "DOCS_EXIST" - if no documentation changes were needed and were made
- "DOCS_CREATED" - if you created or updated documentation


When rewriting apply these rules:

@/Users/aj/RAD/docs/Documentation/.cursor/rules.mdc
'
Error: Authentication required. Please run 'agent login' first, or set CURSOR_API_KEY environment variable.
[0m
  [33mрҹ“„ Result: No docs needed[0m
  [2mAdding tag: [36mno-docs-made[0m
  [32mвң“ Tag added successfully[0m

[1m[37mв•җв•җв•җв•җв•җв•җв•җв•җв•җв•җв•җв•җв•җв•җв•җв•җв•җв•җв•җв•җв•җв•җв•җв•җв•җв•җв•җв•җв•җв•җв•җв•җв•җв•җв•җв•җв•җв•җв•җв•җв•җв•җв•җв•җв•җв•җв•җв•җв•җв•җв•җв•җв•җв•җв•җв•җв•җв•җв•җв•җв•җв•җв•җв•җв•җв•җв•җв•җв•җв•җв•җв•җв•җв•җв•җв•җв•җв•җв•җв•җ[0m
[1m[37mрҹ“Ҡ SUMMARY[0m
[1m[37mв•җв•җв•җв•җв•җв•җв•җв•җв•җв•җв•җв•җв•җв•җв•җв•җв•җв•җв•җв•җв•җв•җв•җв•җв•җв•җв•җв•җв•җв•җв•җв•җв•җв•җв•җв•җв•җв•җв•җв•җв•җв•җв•җв•җв•җв•җв•җв•җв•җв•җв•җв•җв•җв•җв•җв•җв•җв•җв•җв•җв•җв•җв•җв•җв•җв•җв•җв•җв•җв•җв•җв•җв•җв•җв•җв•җв•җв•җв•җв•җ[0m

  [36mTotal tickets analyzed:[0m      [1m1[0m
  [32mDocumentation created/updated:[0m [1m[32m0[0m
  [33mNo documentation needed:[0m       [1m1[0m


========== [8/192] ticket #259988224 ==========

> open-source-sex-machine@1.0.0 ossm /Users/aj/RAD/docs/Documentation
> node ./_scripts/run.js gorgias-tickets --analyze --ticket-id 259988224


[35m[1mрҹ”Қ Analyzing 1 tickets for documentation gaps...[0m


[34mв”Җв”Җв”Җв”Җв”Җв”Җв”Җв”Җв”Җв”Җв”Җв”Җв”Җв”Җв”Җв”Җв”Җв”Җв”Җв”Җв”Җв”Җв”Җв”Җв”Җв”Җв”Җв”Җв”Җв”Җв”Җв”Җв”Җв”Җв”Җв”Җв”Җв”Җв”Җв”Җв”Җв”Җв”Җв”Җв”Җв”Җв”Җв”Җв”Җв”Җв”Җв”Җв”Җв”Җв”Җв”Җв”Җв”Җв”Җв”Җв”Җв”Җв”Җв”Җв”Җв”Җв”Җв”Җв”Җв”Җв”Җв”Җв”Җв”Җв”Җв”Җв”Җв”Җв”Җв”Җ[0m
[1m[1/1][0m [36mAnalyzing Ticket [33m#259988224[0m
  [2mSubject:[0m Conversation with Customer #924234428
  [2mProduct:[0m [35mUnknown[0m
  [2mContact Reason:[0m Unknown
Error: Authentication required. Please run 'agent login' first, or set CURSOR_API_KEY environment variable.
    [31mвҡ  AI analysis error: Command failed: agent --print --model composer-2-fast --force --workspace "/Users/aj/RAD/docs/Documentation" 'You are analyzing a customer support conversation to determine if the documentation needs updating.

## Support Ticket Data
```json
{
  "ticket_id": 259988224,
  "subject": "Conversation with Customer #924234428",
  "channel": "chat",
  "contact_reason": null,
  "product": null,
  "tags": [
    "ai_close",
    "ai_answered",
    "no-docs-made"
  ],
  "messages": [
    {
      "from_agent": false,
      "text": "What size dildos work with the trainer?"
    },
    {
      "from_agent": true,
      "text": "The Deepthroat Trainer works with suction cup dildos that have up to 3\" (8cm) suction cups. Are you looking for dildo recommendations to use with the trainer?"
    }
  ]
}
```

## Your Task

1. **Identify the customer'\''s problem** from the conversation messages (from_agent: false = customer, from_agent: true = agent)

2. **Search the existing documentation** in this workspace to determine if it already covers this problem adequately. @/Users/aj/RAD/docs/Documentation/Documentation
   - Look in the relevant product folder based on the "product" field (e.g., "Lockbox" -> Documentation/lockbox/, "Dashboard" -> Documentation/dashboard/, "Trainer" -> Documentation/dtt/, "OSSM" -> Documentation/ossm/, "Wireless Remote" -> Documentation/radr/)
   - If the product is not in the Documentation folder, check the "Documentation/shop" folder.
   - Check FAQs, quick-start guides, and technical docs

3. **Make a decision**:
   - If the documentation ALREADY covers this problem adequately: Output exactly "DOCS_EXIST" on a line by itself and explain why no changes are needed.
   - If the documentation does NOT cover this problem OR is incomplete: Update or create the necessary documentation.

## Rules for Documentation Updates
- Only create/update docs if there'\''s a genuine gap
- Don'\''t make unnecessary changes
- Place new content in the most appropriate existing file, or create a new file only if necessary
- Follow the existing MDX format and structure
- Be concise and helpful

## Output Format
Your FINAL line must be exactly one of:
- "DOCS_EXIST" - if no documentation changes were needed and were made
- "DOCS_CREATED" - if you created or updated documentation


When rewriting apply these rules:

@/Users/aj/RAD/docs/Documentation/.cursor/rules.mdc
'
Error: Authentication required. Please run 'agent login' first, or set CURSOR_API_KEY environment variable.
[0m
  [33mрҹ“„ Result: No docs needed[0m
  [2mAdding tag: [36mno-docs-made[0m
  [32mвң“ Tag added successfully[0m

[1m[37mв•җв•җв•җв•җв•җв•җв•җв•җв•җв•җв•җв•җв•җв•җв•җв•җв•җв•җв•җв•җв•җв•җв•җв•җв•җв•җв•җв•җв•җв•җв•җв•җв•җв•җв•җв•җв•җв•җв•җв•җв•җв•җв•җв•җв•җв•җв•җв•җв•җв•җв•җв•җв•җв•җв•җв•җв•җв•җв•җв•җв•җв•җв•җв•җв•җв•җв•җв•җв•җв•җв•җв•җв•җв•җв•җв•җв•җв•җв•җв•җ[0m
[1m[37mрҹ“Ҡ SUMMARY[0m
[1m[37mв•җв•җв•җв•җв•җв•җв•җв•җв•җв•җв•җв•җв•җв•җв•җв•җв•җв•җв•җв•җв•җв•җв•җв•җв•җв•җв•җв•җв•җв•җв•җв•җв•җв•җв•җв•җв•җв•җв•җв•җв•җв•җв•җв•җв•җв•җв•җв•җв•җв•җв•җв•җв•җв•җв•җв•җв•җв•җв•җв•җв•җв•җв•җв•җв•җв•җв•җв•җв•җв•җв•җв•җв•җв•җв•җв•җв•җв•җв•җв•җ[0m

  [36mTotal tickets analyzed:[0m      [1m1[0m
  [32mDocumentation created/updated:[0m [1m[32m0[0m
  [33mNo documentation needed:[0m       [1m1[0m


========== [9/192] ticket #259933864 ==========

> open-source-sex-machine@1.0.0 ossm /Users/aj/RAD/docs/Documentation
> node ./_scripts/run.js gorgias-tickets --analyze --ticket-id 259933864


[35m[1mрҹ”Қ Analyzing 1 tickets for documentation gaps...[0m


[34mв”Җв”Җв”Җв”Җв”Җв”Җв”Җв”Җв”Җв”Җв”Җв”Җв”Җв”Җв”Җв”Җв”Җв”Җв”Җв”Җв”Җв”Җв”Җв”Җв”Җв”Җв”Җв”Җв”Җв”Җв”Җв”Җв”Җв”Җв”Җв”Җв”Җв”Җв”Җв”Җв”Җв”Җв”Җв”Җв”Җв”Җв”Җв”Җв”Җв”Җв”Җв”Җв”Җв”Җв”Җв”Җв”Җв”Җв”Җв”Җв”Җв”Җв”Җв”Җв”Җв”Җв”Җв”Җв”Җв”Җв”Җв”Җв”Җв”Җв”Җв”Җв”Җв”Җв”Җв”Җ[0m
[1m[1/1][0m [36mAnalyzing Ticket [33m#259933864[0m
  [2mSubject:[0m My lockbox won't charge
  [2mProduct:[0m [35mLockbox[0m
  [2mContact Reason:[0m Tech Support:: Bug
Error: Authentication required. Please run 'agent login' first, or set CURSOR_API_KEY environment variable.
    [31mвҡ  AI analysis error: Command failed: agent --print --model composer-2-fast --force --workspace "/Users/aj/RAD/docs/Documentation" 'You are analyzing a customer support conversation to determine if the documentation needs updating.

## Support Ticket Data
```json
{
  "ticket_id": 259933864,
  "subject": "My lockbox won'\''t charge",
  "channel": "email",
  "contact_reason": "Tech Support:: Bug",
  "product": "Lockbox",
  "tags": [
    "no-docs-made"
  ],
  "messages": [
    {
      "from_agent": false,
      "text": "Hi. After a couple months of not using the device I tried charging it, but it wont charge. I have tried different cables, outlet and computer. The usb-c'\''s I used have data transfer, but my macbook does not detect the device. I have tried a hard reset, but that didn'\''t work either. Help. What do I do? \n\nMy order number is #5565"
    },
    {
      "from_agent": true,
      "text": "Hi Ingrid,\n\nThanks for reaching out. Apologies your device isn'\''t working as expected! Try leaving the device plugged in to charge for at least 90 minutes - I recommend using the USB-C cable that came with the Lockbox if you still have it. After you leave it to charge, follow this guide to exit the device'\''s boot loader mode (this is the mode the device enters when you hard reset). Let me know how that goes for you. \n\n\n"
    },
    {
      "from_agent": false,
      "text": "It works now :) \n\ntor. 9. apr. 2026, 15:43 skrev R+D Support < support@researchanddesire.com>: (mailto:support@researchanddesire.com)"
    },
    {
      "from_agent": true,
      "text": "Hi Ingrid,\n\nOh awesome, I'\''m glad to hear it! Feel free to reach out for anything further."
    }
  ]
}
```

## Your Task

1. **Identify the customer'\''s problem** from the conversation messages (from_agent: false = customer, from_agent: true = agent)

2. **Search the existing documentation** in this workspace to determine if it already covers this problem adequately. @/Users/aj/RAD/docs/Documentation/Documentation
   - Look in the relevant product folder based on the "product" field (e.g., "Lockbox" -> Documentation/lockbox/, "Dashboard" -> Documentation/dashboard/, "Trainer" -> Documentation/dtt/, "OSSM" -> Documentation/ossm/, "Wireless Remote" -> Documentation/radr/)
   - If the product is not in the Documentation folder, check the "Documentation/shop" folder.
   - Check FAQs, quick-start guides, and technical docs

3. **Make a decision**:
   - If the documentation ALREADY covers this problem adequately: Output exactly "DOCS_EXIST" on a line by itself and explain why no changes are needed.
   - If the documentation does NOT cover this problem OR is incomplete: Update or create the necessary documentation.

## Rules for Documentation Updates
- Only create/update docs if there'\''s a genuine gap
- Don'\''t make unnecessary changes
- Place new content in the most appropriate existing file, or create a new file only if necessary
- Follow the existing MDX format and structure
- Be concise and helpful

## Output Format
Your FINAL line must be exactly one of:
- "DOCS_EXIST" - if no documentation changes were needed and were made
- "DOCS_CREATED" - if you created or updated documentation


When rewriting apply these rules:

@/Users/aj/RAD/docs/Documentation/.cursor/rules.mdc
'
Error: Authentication required. Please run 'agent login' first, or set CURSOR_API_KEY environment variable.
[0m
  [33mрҹ“„ Result: No docs needed[0m
  [2mAdding tag: [36mno-docs-made[0m
  [32mвң“ Tag added successfully[0m

[1m[37mв•җв•җв•җв•җв•җв•җв•җв•җв•җв•җв•җв•җв•җв•җв•җв•җв•җв•җв•җв•җв•җв•җв•җв•җв•җв•җв•җв•җв•җв•җв•җв•җв•җв•җв•җв•җв•җв•җв•җв•җв•җв•җв•җв•җв•җв•җв•җв•җв•җв•җв•җв•җв•җв•җв•җв•җв•җв•җв•җв•җв•җв•җв•җв•җв•җв•җв•җв•җв•җв•җв•җв•җв•җв•җв•җв•җв•җв•җв•җв•җ[0m
[1m[37mрҹ“Ҡ SUMMARY[0m
[1m[37mв•җв•җв•җв•җв•җв•җв•җв•җв•җв•җв•җв•җв•җв•җв•җв•җв•җв•җв•җв•җв•җв•җв•җв•җв•җв•җв•җв•җв•җв•җв•җв•җв•җв•җв•җв•җв•җв•җв•җв•җв•җв•җв•җв•җв•җв•җв•җв•җв•җв•җв•җв•җв•җв•җв•җв•җв•җв•җв•җв•җв•җв•җв•җв•җв•җв•җв•җв•җв•җв•җв•җв•җв•җв•җв•җв•җв•җв•җв•җв•җ[0m

  [36mTotal tickets analyzed:[0m      [1m1[0m
  [32mDocumentation created/updated:[0m [1m[32m0[0m
  [33mNo documentation needed:[0m       [1m1[0m


========== [10/192] ticket #259927237 ==========

> open-source-sex-machine@1.0.0 ossm /Users/aj/RAD/docs/Documentation
> node ./_scripts/run.js gorgias-tickets --analyze --ticket-id 259927237


[35m[1mрҹ”Қ Analyzing 1 tickets for documentation gaps...[0m


[34mв”Җв”Җв”Җв”Җв”Җв”Җв”Җв”Җв”Җв”Җв”Җв”Җв”Җв”Җв”Җв”Җв”Җв”Җв”Җв”Җв”Җв”Җв”Җв”Җв”Җв”Җв”Җв”Җв”Җв”Җв”Җв”Җв”Җв”Җв”Җв”Җв”Җв”Җв”Җв”Җв”Җв”Җв”Җв”Җв”Җв”Җв”Җв”Җв”Җв”Җв”Җв”Җв”Җв”Җв”Җв”Җв”Җв”Җв”Җв”Җв”Җв”Җв”Җв”Җв”Җв”Җв”Җв”Җв”Җв”Җв”Җв”Җв”Җв”Җв”Җв”Җв”Җв”Җв”Җв”Җ[0m
[1m[1/1][0m [36mAnalyzing Ticket [33m#259927237[0m
  [2mSubject:[0m New customer message on 8 April 2026 at 15:25
  [2mProduct:[0m [35mTrainer[0m
  [2mContact Reason:[0m Pre-sale::Shipping question
Error: Authentication required. Please run 'agent login' first, or set CURSOR_API_KEY environment variable.
    [31mвҡ  AI analysis error: Command failed: agent --print --model composer-2-fast --force --workspace "/Users/aj/RAD/docs/Documentation" 'You are analyzing a customer support conversation to determine if the documentation needs updating.

## Support Ticket Data
```json
{
  "ticket_id": 259927237,
  "subject": "New customer message on 8 April 2026 at 15:25",
  "channel": "email",
  "contact_reason": "Pre-sale::Shipping question",
  "product": "Trainer",
  "tags": [
    "no-docs-made"
  ],
  "messages": [
    {
      "from_agent": false,
      "text": "New customer message on 8 April 2026 at 15:25   \n \n\nYou received a new message from your online store'\''s contact form. \n \n Country Code: SE \n Name: Kh \n Email: next333limit@hotmail.com \n Body: Hi!\n1. Is the deepthroat trainer camera free? wondering because of privacy.\n2. Estimated shipment price to Sweden?"
    },
    {
      "from_agent": true,
      "text": "Hi there,\n\nThanks for reaching out! Yes, the Trainer is camera free. I would estimate the shipping cost to Sweden would be around 30.00EUR, excluding VAT and other duty-related costs."
    }
  ]
}
```

## Your Task

1. **Identify the customer'\''s problem** from the conversation messages (from_agent: false = customer, from_agent: true = agent)

2. **Search the existing documentation** in this workspace to determine if it already covers this problem adequately. @/Users/aj/RAD/docs/Documentation/Documentation
   - Look in the relevant product folder based on the "product" field (e.g., "Lockbox" -> Documentation/lockbox/, "Dashboard" -> Documentation/dashboard/, "Trainer" -> Documentation/dtt/, "OSSM" -> Documentation/ossm/, "Wireless Remote" -> Documentation/radr/)
   - If the product is not in the Documentation folder, check the "Documentation/shop" folder.
   - Check FAQs, quick-start guides, and technical docs

3. **Make a decision**:
   - If the documentation ALREADY covers this problem adequately: Output exactly "DOCS_EXIST" on a line by itself and explain why no changes are needed.
   - If the documentation does NOT cover this problem OR is incomplete: Update or create the necessary documentation.

## Rules for Documentation Updates
- Only create/update docs if there'\''s a genuine gap
- Don'\''t make unnecessary changes
- Place new content in the most appropriate existing file, or create a new file only if necessary
- Follow the existing MDX format and structure
- Be concise and helpful

## Output Format
Your FINAL line must be exactly one of:
- "DOCS_EXIST" - if no documentation changes were needed and were made
- "DOCS_CREATED" - if you created or updated documentation


When rewriting apply these rules:

@/Users/aj/RAD/docs/Documentation/.cursor/rules.mdc
'
Error: Authentication required. Please run 'agent login' first, or set CURSOR_API_KEY environment variable.
[0m
  [33mрҹ“„ Result: No docs needed[0m
  [2mAdding tag: [36mno-docs-made[0m
  [32mвң“ Tag added successfully[0m

[1m[37mв•җв•җв•җв•җв•җв•җв•җв•җв•җв•җв•җв•җв•җв•җв•җв•җв•җв•җв•җв•җв•җв•җв•җв•җв•җв•җв•җв•җв•җв•җв•җв•җв•җв•җв•җв•җв•җв•җв•җв•җв•җв•җв•җв•җв•җв•җв•җв•җв•җв•җв•җв•җв•җв•җв•җв•җв•җв•җв•җв•җв•җв•җв•җв•җв•җв•җв•җв•җв•җв•җв•җв•җв•җв•җв•җв•җв•җв•җв•җв•җ[0m
[1m[37mрҹ“Ҡ SUMMARY[0m
[1m[37mв•җв•җв•җв•җв•җв•җв•җв•җв•җв•җв•җв•җв•җв•җв•җв•җв•җв•җв•җв•җв•җв•җв•җв•җв•җв•җв•җв•җв•җв•җв•җв•җв•җв•җв•җв•җв•җв•җв•җв•җв•җв•җв•җв•җв•җв•җв•җв•җв•җв•җв•җв•җв•җв•җв•җв•җв•җв•җв•җв•җв•җв•җв•җв•җв•җв•җв•җв•җв•җв•җв•җв•җв•җв•җв•җв•җв•җв•җв•җв•җ[0m

  [36mTotal tickets analyzed:[0m      [1m1[0m
  [32mDocumentation created/updated:[0m [1m[32m0[0m
  [33mNo documentation needed:[0m       [1m1[0m


========== [11/192] ticket #259902804 ==========

> open-source-sex-machine@1.0.0 ossm /Users/aj/RAD/docs/Documentation
> node ./_scripts/run.js gorgias-tickets --analyze --ticket-id 259902804


[35m[1mрҹ”Қ Analyzing 1 tickets for documentation gaps...[0m


[34mв”Җв”Җв”Җв”Җв”Җв”Җв”Җв”Җв”Җв”Җв”Җв”Җв”Җв”Җв”Җв”Җв”Җв”Җв”Җв”Җв”Җв”Җв”Җв”Җв”Җв”Җв”Җв”Җв”Җв”Җв”Җв”Җв”Җв”Җв”Җв”Җв”Җв”Җв”Җв”Җв”Җв”Җв”Җв”Җв”Җв”Җв”Җв”Җв”Җв”Җв”Җв”Җв”Җв”Җв”Җв”Җв”Җв”Җв”Җв”Җв”Җв”Җв”Җв”Җв”Җв”Җв”Җв”Җв”Җв”Җв”Җв”Җв”Җв”Җв”Җв”Җв”Җв”Җв”Җв”Җ[0m
[1m[1/1][0m [36mAnalyzing Ticket [33m#259902804[0m
  [2mSubject:[0m Conversation with Customer #923953481
  [2mProduct:[0m [35mTrainer[0m
  [2mContact Reason:[0m Pre-sale::Product question
Error: Authentication required. Please run 'agent login' first, or set CURSOR_API_KEY environment variable.
    [31mвҡ  AI analysis error: Command failed: agent --print --model composer-2-fast --force --workspace "/Users/aj/RAD/docs/Documentation" 'You are analyzing a customer support conversation to determine if the documentation needs updating.

## Support Ticket Data
```json
{
  "ticket_id": 259902804,
  "subject": "Conversation with Customer #923953481",
  "channel": "chat",
  "contact_reason": "Pre-sale::Product question",
  "product": "Trainer",
  "tags": [
    "ai_handover",
    "ai_answered",
    "no-docs-made"
  ],
  "messages": [
    {
      "from_agent": false,
      "text": "What size dildos work with the trainer?"
    },
    {
      "from_agent": true,
      "text": "The Deepthroat Trainer works with suction cup dildos that have up to 3\" (8cm) suction cups. Are you looking for dildo recommendations to use with the trainer?"
    },
    {
      "from_agent": false,
      "text": "Yes, recommend dildos"
    },
    {
      "from_agent": true,
      "text": "The Deepthroat Training Dildos - Add-on Deepthroat Trainer collection is made specifically for use with the Deepthroat Trainer and compatible with suction cups up to 3\" (8 cm). They come in three training levels:\n\n*   Starter: 5.5\" insertable length, 1.5\" max width, soft silicone, great for beginners. Available in Blue, Pink, Purple, and Rainbow.\n*   Intermediate: 7\" insertable length, 1.5\" width, soft silicone, for intermediate training. Available in Purple and Pink.\n*   Expert: 8.5\" insertable length, 1.7\" width (widens to 2\" at the base), firm silicone, more challenging. Currently not in stock.\n\nWhich training level are you interested in: starter or intermediate?"
    },
    {
      "from_agent": false,
      "text": "Which Deepthroat Trainer is best?"
    },
    {
      "from_agent": true,
      "text": "The best Deepthroat Training Dildos depends on your experience level! The Starter is great for beginners, Intermediate gets deeper, and Expert offers a real challenge. What are you hoping to achieve with your training?"
    },
    {
      "from_agent": false,
      "text": "imporvments"
    },
    {
      "from_agent": true,
      "text": "We offer the Deepthroat Trainer with various backboard colors like Mirror Black and Mirror Pink. Which backboard color do you prefer? Also, are you looking for a starter level or intermediate level dildo for your training? This will help me recommend the best match for your improvements and training goals."
    },
    {
      "from_agent": false,
      "text": "mirror pink, but the best dildo? whant a challenging one, and a lifelike one"
    },
    {
      "from_agent": true,
      "text": "The Deepthroat Trainer with the Mirror Pink backboard is a great choice! For a challenging and lifelike dildo compatible with this trainer, the best current options are the Intermediate level dildos available in Purple and Pink. They offer a good balance of realism and challenge, with a 7\" insertable length and 1.5\" width, and are made of soft silicone.\n\nThe Expert level dildo is even more challenging and lifelike, with an 8.5\" insertable length and wider base, made of firm silicone, but it is currently out of stock.\n\nBetween the Intermediate Purple and Intermediate Pink dildos, which color or aesthetic do you prefer for your training? This will help narrow down the best match for you."
    },
    {
      "from_agent": false,
      "text": "Intermediate Pink"
    },
    {
      "from_agent": true,
      "text": "Great choice with the Intermediate Pink dildo on the Mirror Pink backboard for a challenging and lifelike experience!\n\nAre you interested in any specific accessories or other backboard color options besides the Mirror Pink for your trainer? Also, you might want to explore other Deepthroat Trainer variants with the Mirror Pink backboard to see if any additional configurations catch your eye."
    },
    {
      "from_agent": false,
      "text": "is it camera free? privacy?"
    },
    {
      "from_agent": true,
      "text": "I'\''ll pass your privacy question along to the appropriate team who can provide detailed information on that for you.\n\nPlease leave your email address so they can get back to you directly."
    },
    {
      "from_agent": false,
      "text": "What size dildos work with the trainer?"
    },
    {
      "from_agent": false,
      "text": "How does the trainer track progress?"
    },
    {
      "from_agent": true,
      "text": "Hi there,\n\nThanks for reaching out! The max toy length that the Trainer can register is 11\" or approximately 28cm. The Trainer has a distance sensor that resembles a camera lens, but I can assure you that the device does not contain a camera nor does it record video/take photos of any kind. The Trainer tracks your progress via the dashboard at dashboard.researchanddesire.com! You'\''re assigned XP for how well you meet your training session targets. Hope this clarifies things and feel free to reach out for anything further!"
    }
  ]
}
```

## Your Task

1. **Identify the customer'\''s problem** from the conversation messages (from_agent: false = customer, from_agent: true = agent)

2. **Search the existing documentation** in this workspace to determine if it already covers this problem adequately. @/Users/aj/RAD/docs/Documentation/Documentation
   - Look in the relevant product folder based on the "product" field (e.g., "Lockbox" -> Documentation/lockbox/, "Dashboard" -> Documentation/dashboard/, "Trainer" -> Documentation/dtt/, "OSSM" -> Documentation/ossm/, "Wireless Remote" -> Documentation/radr/)
   - If the product is not in the Documentation folder, check the "Documentation/shop" folder.
   - Check FAQs, quick-start guides, and technical docs

3. **Make a decision**:
   - If the documentation ALREADY covers this problem adequately: Output exactly "DOCS_EXIST" on a line by itself and explain why no changes are needed.
   - If the documentation does NOT cover this problem OR is incomplete: Update or create the necessary documentation.

## Rules for Documentation Updates
- Only create/update docs if there'\''s a genuine gap
- Don'\''t make unnecessary changes
- Place new content in the most appropriate existing file, or create a new file only if necessary
- Follow the existing MDX format and structure
- Be concise and helpful

## Output Format
Your FINAL line must be exactly one of:
- "DOCS_EXIST" - if no documentation changes were needed and were made
- "DOCS_CREATED" - if you created or updated documentation


When rewriting apply these rules:

@/Users/aj/RAD/docs/Documentation/.cursor/rules.mdc
'
Error: Authentication required. Please run 'agent login' first, or set CURSOR_API_KEY environment variable.
[0m
  [33mрҹ“„ Result: No docs needed[0m
  [2mAdding tag: [36mno-docs-made[0m
  [32mвң“ Tag added successfully[0m

[1m[37mв•җв•җв•җв•җв•җв•җв•җв•җв•җв•җв•җв•җв•җв•җв•җв•җв•җв•җв•җв•җв•җв•җв•җв•җв•җв•җв•җв•җв•җв•җв•җв•җв•җв•җв•җв•җв•җв•җв•җв•җв•җв•җв•җв•җв•җв•җв•җв•җв•җв•җв•җв•җв•җв•җв•җв•җв•җв•җв•җв•җв•җв•җв•җв•җв•җв•җв•җв•җв•җв•җв•җв•җв•җв•җв•җв•җв•җв•җв•җв•җ[0m
[1m[37mрҹ“Ҡ SUMMARY[0m
[1m[37mв•җв•җв•җв•җв•җв•җв•җв•җв•җв•җв•җв•җв•җв•җв•җв•җв•җв•җв•җв•җв•җв•җв•җв•җв•җв•җв•җв•җв•җв•җв•җв•җв•җв•җв•җв•җв•җв•җв•җв•җв•җв•җв•җв•җв•җв•җв•җв•җв•җв•җв•җв•җв•җв•җв•җв•җв•җв•җв•җв•җв•җв•җв•җв•җв•җв•җв•җв•җв•җв•җв•җв•җв•җв•җв•җв•җв•җв•җв•җв•җ[0m

  [36mTotal tickets analyzed:[0m      [1m1[0m
  [32mDocumentation created/updated:[0m [1m[32m0[0m
  [33mNo documentation needed:[0m       [1m1[0m


========== [12/192] ticket #259832403 ==========

> open-source-sex-machine@1.0.0 ossm /Users/aj/RAD/docs/Documentation
> node ./_scripts/run.js gorgias-tickets --analyze --ticket-id 259832403


[35m[1mрҹ”Қ Analyzing 1 tickets for documentation gaps...[0m


[34mв”Җв”Җв”Җв”Җв”Җв”Җв”Җв”Җв”Җв”Җв”Җв”Җв”Җв”Җв”Җв”Җв”Җв”Җв”Җв”Җв”Җв”Җв”Җв”Җв”Җв”Җв”Җв”Җв”Җв”Җв”Җв”Җв”Җв”Җв”Җв”Җв”Җв”Җв”Җв”Җв”Җв”Җв”Җв”Җв”Җв”Җв”Җв”Җв”Җв”Җв”Җв”Җв”Җв”Җв”Җв”Җв”Җв”Җв”Җв”Җв”Җв”Җв”Җв”Җв”Җв”Җв”Җв”Җв”Җв”Җв”Җв”Җв”Җв”Җв”Җв”Җв”Җв”Җв”Җв”Җ[0m
[1m[1/1][0m [36mAnalyzing Ticket [33m#259832403[0m
  [2mSubject:[0m Conversation with Customer #923773047
  [2mProduct:[0m [35mUnknown[0m
  [2mContact Reason:[0m Unknown
Error: Authentication required. Please run 'agent login' first, or set CURSOR_API_KEY environment variable.
    [31mвҡ  AI analysis error: Command failed: agent --print --model composer-2-fast --force --workspace "/Users/aj/RAD/docs/Documentation" 'You are analyzing a customer support conversation to determine if the documentation needs updating.

## Support Ticket Data
```json
{
  "ticket_id": 259832403,
  "subject": "Conversation with Customer #923773047",
  "channel": "chat",
  "contact_reason": null,
  "product": null,
  "tags": [
    "ai_close",
    "ai_answered",
    "no-docs-made"
  ],
  "messages": [
    {
      "from_agent": false,
      "text": "Is the motor pre-tuned?"
    },
    {
      "from_agent": true,
      "text": "Yes, the OSSM Motor comes pre-tuned and optimized for use in the OSSM. Is there anything else I can help you with regarding the motor'\''s specifications?"
    }
  ]
}
```

## Your Task

1. **Identify the customer'\''s problem** from the conversation messages (from_agent: false = customer, from_agent: true = agent)

2. **Search the existing documentation** in this workspace to determine if it already covers this problem adequately. @/Users/aj/RAD/docs/Documentation/Documentation
   - Look in the relevant product folder based on the "product" field (e.g., "Lockbox" -> Documentation/lockbox/, "Dashboard" -> Documentation/dashboard/, "Trainer" -> Documentation/dtt/, "OSSM" -> Documentation/ossm/, "Wireless Remote" -> Documentation/radr/)
   - If the product is not in the Documentation folder, check the "Documentation/shop" folder.
   - Check FAQs, quick-start guides, and technical docs

3. **Make a decision**:
   - If the documentation ALREADY covers this problem adequately: Output exactly "DOCS_EXIST" on a line by itself and explain why no changes are needed.
   - If the documentation does NOT cover this problem OR is incomplete: Update or create the necessary documentation.

## Rules for Documentation Updates
- Only create/update docs if there'\''s a genuine gap
- Don'\''t make unnecessary changes
- Place new content in the most appropriate existing file, or create a new file only if necessary
- Follow the existing MDX format and structure
- Be concise and helpful

## Output Format
Your FINAL line must be exactly one of:
- "DOCS_EXIST" - if no documentation changes were needed and were made
- "DOCS_CREATED" - if you created or updated documentation


When rewriting apply these rules:

@/Users/aj/RAD/docs/Documentation/.cursor/rules.mdc
'
Error: Authentication required. Please run 'agent login' first, or set CURSOR_API_KEY environment variable.
[0m
  [33mрҹ“„ Result: No docs needed[0m
  [2mAdding tag: [36mno-docs-made[0m
  [32mвң“ Tag added successfully[0m

[1m[37mв•җв•җв•җв•җв•җв•җв•җв•җв•җв•җв•җв•җв•җв•җв•җв•җв•җв•җв•җв•җв•җв•җв•җв•җв•җв•җв•җв•җв•җв•җв•җв•җв•җв•җв•җв•җв•җв•җв•җв•җв•җв•җв•җв•җв•җв•җв•җв•җв•җв•җв•җв•җв•җв•җв•җв•җв•җв•җв•җв•җв•җв•җв•җв•җв•җв•җв•җв•җв•җв•җв•җв•җв•җв•җв•җв•җв•җв•җв•җв•җ[0m
[1m[37mрҹ“Ҡ SUMMARY[0m
[1m[37mв•җв•җв•җв•җв•җв•җв•җв•җв•җв•җв•җв•җв•җв•җв•җв•җв•җв•җв•җв•җв•җв•җв•җв•җв•җв•җв•җв•җв•җв•җв•җв•җв•җв•җв•җв•җв•җв•җв•җв•җв•җв•җв•җв•җв•җв•җв•җв•җв•җв•җв•җв•җв•җв•җв•җв•җв•җв•җв•җв•җв•җв•җв•җв•җв•җв•җв•җв•җв•җв•җв•җв•җв•җв•җв•җв•җв•җв•җв•җв•җ[0m

  [36mTotal tickets analyzed:[0m      [1m1[0m
  [32mDocumentation created/updated:[0m [1m[32m0[0m
  [33mNo documentation needed:[0m       [1m1[0m


========== [13/192] ticket #259783731 ==========

> open-source-sex-machine@1.0.0 ossm /Users/aj/RAD/docs/Documentation
> node ./_scripts/run.js gorgias-tickets --analyze --ticket-id 259783731


[35m[1mрҹ”Қ Analyzing 1 tickets for documentation gaps...[0m


[34mв”Җв”Җв”Җв”Җв”Җв”Җв”Җв”Җв”Җв”Җв”Җв”Җв”Җв”Җв”Җв”Җв”Җв”Җв”Җв”Җв”Җв”Җв”Җв”Җв”Җв”Җв”Җв”Җв”Җв”Җв”Җв”Җв”Җв”Җв”Җв”Җв”Җв”Җв”Җв”Җв”Җв”Җв”Җв”Җв”Җв”Җв”Җв”Җв”Җв”Җв”Җв”Җв”Җв”Җв”Җв”Җв”Җв”Җв”Җв”Җв”Җв”Җв”Җв”Җв”Җв”Җв”Җв”Җв”Җв”Җв”Җв”Җв”Җв”Җв”Җв”Җв”Җв”Җв”Җв”Җ[0m
[1m[1/1][0m [36mAnalyzing Ticket [33m#259783731[0m
  [2mSubject:[0m Order #5895 - Missing m6x35 handle
  [2mProduct:[0m [35mOSSM[0m
  [2mContact Reason:[0m Pre-sale::Product question
Error: Authentication required. Please run 'agent login' first, or set CURSOR_API_KEY environment variable.
    [31mвҡ  AI analysis error: Command failed: agent --print --model composer-2-fast --force --workspace "/Users/aj/RAD/docs/Documentation" 'You are analyzing a customer support conversation to determine if the documentation needs updating.

## Support Ticket Data
```json
{
  "ticket_id": 259783731,
  "subject": "Order #5895 - Missing m6x35 handle",
  "channel": "email",
  "contact_reason": "Pre-sale::Product question",
  "product": "OSSM",
  "tags": [
    "no-docs-made"
  ],
  "messages": [
    {
      "from_agent": false,
      "text": "Howdy! \n\nI received my order today. From the looks of it, I only seem to be missing a M6 by 35 handle. I got the 2 small ones for the base, but not for the pivot body."
    },
    {
      "from_agent": false,
      "text": "Actually, I think it'\''s normal? The 3D printed part fits what I see here: https://docs.researchanddesire.com/ossm/guides/getting-started/build-guide/step-1.2_3d-printing-parts (https://docs.researchanddesire.com/ossm/guides/getting-started/build-guide/step-1.2_3d-printing-parts) \n\nI would need the alternative Body вҖ“ Middle Pivot to be able to use the handle anyway."
    },
    {
      "from_agent": true,
      "text": "Hey William,\n\nThanks for reaching out! In March we changed some of the hardware and 3D printed parts included in the DIY kit to include the PitClamp. The PitClamp doesn'\''t require the larger M6 handle, which is why you received only two. Hope that clarifies things and feel free to reach out for anything further!"
    }
  ]
}
```

## Your Task

1. **Identify the customer'\''s problem** from the conversation messages (from_agent: false = customer, from_agent: true = agent)

2. **Search the existing documentation** in this workspace to determine if it already covers this problem adequately. @/Users/aj/RAD/docs/Documentation/Documentation
   - Look in the relevant product folder based on the "product" field (e.g., "Lockbox" -> Documentation/lockbox/, "Dashboard" -> Documentation/dashboard/, "Trainer" -> Documentation/dtt/, "OSSM" -> Documentation/ossm/, "Wireless Remote" -> Documentation/radr/)
   - If the product is not in the Documentation folder, check the "Documentation/shop" folder.
   - Check FAQs, quick-start guides, and technical docs

3. **Make a decision**:
   - If the documentation ALREADY covers this problem adequately: Output exactly "DOCS_EXIST" on a line by itself and explain why no changes are needed.
   - If the documentation does NOT cover this problem OR is incomplete: Update or create the necessary documentation.

## Rules for Documentation Updates
- Only create/update docs if there'\''s a genuine gap
- Don'\''t make unnecessary changes
- Place new content in the most appropriate existing file, or create a new file only if necessary
- Follow the existing MDX format and structure
- Be concise and helpful

## Output Format
Your FINAL line must be exactly one of:
- "DOCS_EXIST" - if no documentation changes were needed and were made
- "DOCS_CREATED" - if you created or updated documentation


When rewriting apply these rules:

@/Users/aj/RAD/docs/Documentation/.cursor/rules.mdc
'
Error: Authentication required. Please run 'agent login' first, or set CURSOR_API_KEY environment variable.
[0m
  [33mрҹ“„ Result: No docs needed[0m
  [2mAdding tag: [36mno-docs-made[0m
  [32mвң“ Tag added successfully[0m

[1m[37mв•җв•җв•җв•җв•җв•җв•җв•җв•җв•җв•җв•җв•җв•җв•җв•җв•җв•җв•җв•җв•җв•җв•җв•җв•җв•җв•җв•җв•җв•җв•җв•җв•җв•җв•җв•җв•җв•җв•җв•җв•җв•җв•җв•җв•җв•җв•җв•җв•җв•җв•җв•җв•җв•җв•җв•җв•җв•җв•җв•җв•җв•җв•җв•җв•җв•җв•җв•җв•җв•җв•җв•җв•җв•җв•җв•җв•җв•җв•җв•җ[0m
[1m[37mрҹ“Ҡ SUMMARY[0m
[1m[37mв•җв•җв•җв•җв•җв•җв•җв•җв•җв•җв•җв•җв•җв•җв•җв•җв•җв•җв•җв•җв•җв•җв•җв•җв•җв•җв•җв•җв•җв•җв•җв•җв•җв•җв•җв•җв•җв•җв•җв•җв•җв•җв•җв•җв•җв•җв•җв•җв•җв•җв•җв•җв•җв•җв•җв•җв•җв•җв•җв•җв•җв•җв•җв•җв•җв•җв•җв•җв•җв•җв•җв•җв•җв•җв•җв•җв•җв•җв•җв•җ[0m

  [36mTotal tickets analyzed:[0m      [1m1[0m
  [32mDocumentation created/updated:[0m [1m[32m0[0m
  [33mNo documentation needed:[0m       [1m1[0m


========== [14/192] ticket #259776328 ==========

> open-source-sex-machine@1.0.0 ossm /Users/aj/RAD/docs/Documentation
> node ./_scripts/run.js gorgias-tickets --analyze --ticket-id 259776328


[35m[1mрҹ”Қ Analyzing 1 tickets for documentation gaps...[0m


[34mв”Җв”Җв”Җв”Җв”Җв”Җв”Җв”Җв”Җв”Җв”Җв”Җв”Җв”Җв”Җв”Җв”Җв”Җв”Җв”Җв”Җв”Җв”Җв”Җв”Җв”Җв”Җв”Җв”Җв”Җв”Җв”Җв”Җв”Җв”Җв”Җв”Җв”Җв”Җв”Җв”Җв”Җв”Җв”Җв”Җв”Җв”Җв”Җв”Җв”Җв”Җв”Җв”Җв”Җв”Җв”Җв”Җв”Җв”Җв”Җв”Җв”Җв”Җв”Җв”Җв”Җв”Җв”Җв”Җв”Җв”Җв”Җв”Җв”Җв”Җв”Җв”Җв”Җв”Җв”Җ[0m
[1m[1/1][0m [36mAnalyzing Ticket [33m#259776328[0m
  [2mSubject:[0m Pre built custom
  [2mProduct:[0m [35mOSSM[0m
  [2mContact Reason:[0m Pre-sale::Product question
Error: Authentication required. Please run 'agent login' first, or set CURSOR_API_KEY environment variable.
    [31mвҡ  AI analysis error: Command failed: agent --print --model composer-2-fast --force --workspace "/Users/aj/RAD/docs/Documentation" 'You are analyzing a customer support conversation to determine if the documentation needs updating.

## Support Ticket Data
```json
{
  "ticket_id": 259776328,
  "subject": "Pre built custom",
  "channel": "email",
  "contact_reason": "Pre-sale::Product question",
  "product": "OSSM",
  "tags": [
    "no-docs-made"
  ],
  "messages": [
    {
      "from_agent": false,
      "text": "Good Morning, \n\nI am interested in purchasing a pre built OSSM machine and am wondering if customisation is available I am of course happy to pay extra for the hassle. \n\nThe thing is I plan to use the machine on my bed in missionary position so ideally want the thrust rod/rail to be as low down height wise as possible and saw on Reddit this I have put the link to the post but also inserted screenshots with this email. \n\nWould this be possible? \n\nPost link : https://www.reddit.com/r/OSSM_machine/s/vEOPhyRLVS (https://www.reddit.com/r/OSSM_machine/s/vEOPhyRLVS) \n\nPictures also attached \n\nShay"
    },
    {
      "from_agent": true,
      "text": "Hi there,\n\nThanks for reaching out! Just to clarify, you'\''re looking for a Ready-to-Play with the actuator mounted on the downward-facing side of the extrusion arm instead of the upward-facing side? If so, we can definitely accommodate that - the cost would be an additional 25.00USD. We can offer the printed parts in our classic black with purple accent for no additional fee or pink printed parts for an additional 100.00USD, but unfortunately don'\''t have a teal filament like in the pictures you sent. Let me know how you'\''d like to proceed!"
    },
    {
      "from_agent": false,
      "text": "Good Afternoon, \n\nThank you for the quick response. \n\nIn the picture I sent what I like is the placement of the actuator being on the bottom side so ultimately being able to have the thrust rail in the same placement as the photo. \n\nWhat I'\''m trying to achieve is to get the height of the actuator and rail low as possible so I can use it in my preferred position. I don'\''t care about the colours in the picture just the way they have placed things. \n\nAnother question what is the dimensions of the machine in aware if I did have the actuator placed like the one in the photos I sent it would change the height when folded. \n\nThank you, \nShay."
    },
    {
      "from_agent": true,
      "text": "Hi Shay, \n\nThanks so much for reaching out and for your interest in our OSSM!\n\nWe should be able to build an OSSM for you according to the image you have sent, but it will not be able to be fully closed like a normal OSSM. \n\nThe dimensions of the machine are 22x12x8 inches when closed, and 22x12x22 when fully opened. I would expect that your OSSM will be slightly taller when closed, somewhere between the two. \n\nLet me know if this all works for you and we can send you an invoice for the whole project. "
    }
  ]
}
```

## Your Task

1. **Identify the customer'\''s problem** from the conversation messages (from_agent: false = customer, from_agent: true = agent)

2. **Search the existing documentation** in this workspace to determine if it already covers this problem adequately. @/Users/aj/RAD/docs/Documentation/Documentation
   - Look in the relevant product folder based on the "product" field (e.g., "Lockbox" -> Documentation/lockbox/, "Dashboard" -> Documentation/dashboard/, "Trainer" -> Documentation/dtt/, "OSSM" -> Documentation/ossm/, "Wireless Remote" -> Documentation/radr/)
   - If the product is not in the Documentation folder, check the "Documentation/shop" folder.
   - Check FAQs, quick-start guides, and technical docs

3. **Make a decision**:
   - If the documentation ALREADY covers this problem adequately: Output exactly "DOCS_EXIST" on a line by itself and explain why no changes are needed.
   - If the documentation does NOT cover this problem OR is incomplete: Update or create the necessary documentation.

## Rules for Documentation Updates
- Only create/update docs if there'\''s a genuine gap
- Don'\''t make unnecessary changes
- Place new content in the most appropriate existing file, or create a new file only if necessary
- Follow the existing MDX format and structure
- Be concise and helpful

## Output Format
Your FINAL line must be exactly one of:
- "DOCS_EXIST" - if no documentation changes were needed and were made
- "DOCS_CREATED" - if you created or updated documentation


When rewriting apply these rules:

@/Users/aj/RAD/docs/Documentation/.cursor/rules.mdc
'
Error: Authentication required. Please run 'agent login' first, or set CURSOR_API_KEY environment variable.
[0m
  [33mрҹ“„ Result: No docs needed[0m
  [2mAdding tag: [36mno-docs-made[0m
  [32mвң“ Tag added successfully[0m

[1m[37mв•җв•җв•җв•җв•җв•җв•җв•җв•җв•җв•җв•җв•җв•җв•җв•җв•җв•җв•җв•җв•җв•җв•җв•җв•җв•җв•җв•җв•җв•җв•җв•җв•җв•җв•җв•җв•җв•җв•җв•җв•җв•җв•җв•җв•җв•җв•җв•җв•җв•җв•җв•җв•җв•җв•җв•җв•җв•җв•җв•җв•җв•җв•җв•җв•җв•җв•җв•җв•җв•җв•җв•җв•җв•җв•җв•җв•җв•җв•җв•җ[0m
[1m[37mрҹ“Ҡ SUMMARY[0m
[1m[37mв•җв•җв•җв•җв•җв•җв•җв•җв•җв•җв•җв•җв•җв•җв•җв•җв•җв•җв•җв•җв•җв•җв•җв•җв•җв•җв•җв•җв•җв•җв•җв•җв•җв•җв•җв•җв•җв•җв•җв•җв•җв•җв•җв•җв•җв•җв•җв•җв•җв•җв•җв•җв•җв•җв•җв•җв•җв•җв•җв•җв•җв•җв•җв•җв•җв•җв•җв•җв•җв•җв•җв•җв•җв•җв•җв•җв•җв•җв•җв•җ[0m

  [36mTotal tickets analyzed:[0m      [1m1[0m
  [32mDocumentation created/updated:[0m [1m[32m0[0m
  [33mNo documentation needed:[0m       [1m1[0m


========== [15/192] ticket #259765954 ==========

> open-source-sex-machine@1.0.0 ossm /Users/aj/RAD/docs/Documentation
> node ./_scripts/run.js gorgias-tickets --analyze --ticket-id 259765954


[35m[1mрҹ”Қ Analyzing 1 tickets for documentation gaps...[0m


[34mв”Җв”Җв”Җв”Җв”Җв”Җв”Җв”Җв”Җв”Җв”Җв”Җв”Җв”Җв”Җв”Җв”Җв”Җв”Җв”Җв”Җв”Җв”Җв”Җв”Җв”Җв”Җв”Җв”Җв”Җв”Җв”Җв”Җв”Җв”Җв”Җв”Җв”Җв”Җв”Җв”Җв”Җв”Җв”Җв”Җв”Җв”Җв”Җв”Җв”Җв”Җв”Җв”Җв”Җв”Җв”Җв”Җв”Җв”Җв”Җв”Җв”Җв”Җв”Җв”Җв”Җв”Җв”Җв”Җв”Җв”Җв”Җв”Җв”Җв”Җв”Җв”Җв”Җв”Җв”Җ[0m
[1m[1/1][0m [36mAnalyzing Ticket [33m#259765954[0m
  [2mSubject:[0m Fwd: A shipment from order #5886 is on the way
  [2mProduct:[0m [35mOSSM[0m
  [2mContact Reason:[0m Order::Status
Error: Authentication required. Please run 'agent login' first, or set CURSOR_API_KEY environment variable.
    [31mвҡ  AI analysis error: Command failed: agent --print --model composer-2-fast --force --workspace "/Users/aj/RAD/docs/Documentation" 'You are analyzing a customer support conversation to determine if the documentation needs updating.

## Support Ticket Data
```json
{
  "ticket_id": 259765954,
  "subject": "Fwd: A shipment from order #5886 is on the way",
  "channel": "email",
  "contact_reason": "Order::Status",
  "product": "OSSM",
  "tags": [
    "no-docs-made"
  ],
  "messages": [
    {
      "from_agent": false,
      "text": "Hiya! \n\nAbsolutely not in a rush, saw my order had a label created a week ago but no movement. Was just curious if it will ship soon? \n\nThanks in advance, and sorry for the obnoxious question! \n\nJesse \n\n---------- Forwarded message --------- \nFrom: R+D Labs support@researchanddesire.com> (mailto:support@researchanddesire.com) \nDate: Wed, Apr 1, 2026 at 9:55вҖҜAM \nSubject: A shipment from order #5886 is on the way \nTo:  < shatteredeagle@gmail.com> (mailto:shatteredeagle@gmail.com) \n \n  \n   \n    \n   \n  \n R+D Labs (https://www.researchanddesire.com/_t/c/v3/AACE_Bmm_DWHj9SiWQQO7m-iVjvODpszvMzZd-hVnl7FcpuxlWjdE5ta_aYewdlDLPyjYuIccgwp0SI_KANwHc-n9OyT3L1CHe0BaF11Osw_G7N4kBexXxMJzLqu6A-hEF6ijLhDQbBJ67U2oL8nvE-rNfXrVXKfUCpY-Oc2vF98A5wDBQJNe2NVve1QsSlUcEokkvtTeiQji8iA-GVpMqmNywJdL_8ghGyjOyOEn0OMO32cCZxg9T7VF5E_8ANfcWlaWukVL7OiPm5ctZDEzsLWcaEnNVtQ-eO1BGKmlH-WbbjhqcQ7g-GYGBaXFx11bY5poZPH2Qq_q2_UuFcne_mfEZfS8hdH7zQ4_XzJ6x_cwHA=)   \n  Order #5886  \n    \n  \nYour order is on the way \nYour order is on the way. Track your shipment to see the delivery status.  \n  \n   \n   \n  View your order (https://www.researchanddesire.com/_t/c/v3/AABVb0CWdgBrQ7cy3TyU4ht6IPOWOQlWfz4LHsYCm_c7Ro4VvvE714Cd8mPgI3VOwb66kazYDiPsWsWwH5D4DG96KodGg1eouC3APzRPTJ2cYemgJYSDa28jfc277zjBGcu7jC9iiqG_NxnkxuMbDhEZyQzZAmhLbHqEbUMPzq_MclZ9G1IzMQYbcA12me4whFiGOMN3-GS05SmlL_ZjcyaY5QLHY5f2DHq7D-I0q4st8eWrV12rSau96Dgsfp02_Dc-B3LuwQprChdAWX8R8oHjBy_DrGkE9u8vTsAzMJiD3x5YggSFC-Sz1tWWxaqVeTQcuADGNaQo1EgDBYgPapxzCFrsywSpqYyNlsxedomhWJ6eDfeJW-J3iOe2vJprNoUD_288HXFy1qbYoCMfZfqUs9S4K_DQjBt1x91qZnlHhIVATB2tY2YHtNIr_06hoveZauRMH16_iDtr6yWywVUHCxNS0juPNOnp_WkDff8EXS9OX-glasFGPp2Q1H8iO_GyhrgFBFsELSGfE2sN2EmEO-bH6m3ZDIe3fC4XdvQOIaSJ1ULXo3hG1ShJLOR3j91jToD-Qg8D6x66-K_Bz6sd6Djf1IpXKlR7jO7C9g0GgmVBKKHjejfjm9lPwU5hbHfw4kNybYRfdag6ndkAmRfl0oh9fA6rCdMHOIxJe7UTvsdyJ5oqV8mPNV-0FmB0TV-rlPMD4r4eiLE_4sWO82yehv5yjd1MphBEikZie4YMyu4Fx9jqRyJPV-tkvBv7tEVe87E5zMHFXnCnFFSkXE1qV1FRB-OUhHZWozJn1HCuLBaPqBqqPQovtpUmrP1AyxQnjaPLVaMsvK527Gg9CKLRSfINAvZ-JHLDbendMxYoMXKOCVLTyKh1YBrmX-sM1Ywu6xh7xiHgSW2Q4zqf8-MPyn6SC7QDRM4ZM_3p1YpGaDcVQ6LQz9Og0K5kArDlvgWhLGkatRLqW2CTacDkpY-LziX37UpTqKGY4cvcdC30nwmQqK-UdBxAdDKLUZkrcNdWo9mFSSsprs5mJtHOu90HaNMLRlGmKtLzJH1ribjMYL0g1RofSoHY8aYa0DpxEG3M2N13UdgnvYli46gRlkf2XxXLuHprpqCwrjqutMPj2YlKVpv5UbOLKup0Nb_9eger-ybmX2RwmVnsCKFm53vrG2aRI-SzC3dfQZzneRiR-ujWHVHXCTkp6K0QeqFSohLFXpzNBq2cIxs7zywgUOiO0ZAQvfXfr-U_tSR4Li7DGoHlWs-EHGwKM5f3bAX_bfedCCQwdkNz_peEP9_zDYZoZBwFTFqz04obT2k3EuYy2VuuUcEjMPGhRCXZ0esl3uSG0ZS5t4j2HJsywKfr4N8zQc5vpGR4UgdIpY6W1uORHbpibsS91MLF4Ey3grU62aei-Pc6X9ola-akORD00DQxshcjZ7XbfbU-0CX4c2OLftznqHNE3x0aWtbyXH8biI7sfe9BYPzs5-QsqB_B8y1J1ztpL6pmS2EF4vE4VDbETaQ9EJj8sBEagJ-hXehPWXd9xYECMv2d7-IQOihUR14ogIszSjABGLmkC9FugTbnVpQ88LESUJsq)   \n or Visit our store (https://www.researchanddesire.com/_t/c/v3/AAAz5bKWHKXJsFTSC-HaiutqkU92B1u02i-pWcY-I3M2-Kj9C2rS4Gf3HzKPTRQ61MyuPsv5H6Dt6UA0djsYV2TLI6iEqRPxxosEYgaM_25biMmgsZYHkAPV8qfqCmMSfYv9uvMuQVlDrIzn9gcFicrI0Dj6yLu6xg-dcjIYyNU2fhxumcyvK6pqQ7wzaWrdPicjm1Eg5zbuZ5I03ERFTYOe76jojc69iyeK5FAvbbjCyun5W6JJc3MQZsyRht7ST22O_5XC_iTs2FtakLK6NMdnoaMh_AIjFiQf5r3uOpy6IuoY2YtuD43k2bx_jkfpeaeo-B_eUpFQR5OTemf9ewt9xpcLA8VxN1aZGjb6hJSKnRA=) \n \nChit Chats tracking number: I8C1X9R30V (https://www.researchanddesire.com/_t/c/v3/AAAxvE8bGjH9JX19aQcA808xiT---ME2kKNfvIR8ZUtyxpSM4VivrYC2kJJDB3ZmAeL9IPBKR7QwxAzjAdl__J9FYNY8iEBNCE7MQVHpkvuRclcQEpBqiQpIFMYECfx-B-qsvUvWkvXbIF9e5Oxe-DjISvCPpIunkZ2D-1FzawMH50whuwDwT5cRhjTLQyRa_nSzaHq1Wmkp2zgyXsfqnAGzaUgtVncJh9cXWpbtjqlmh90XmXpViGDiiM5nfNpcwKUOe5NefDAQCN3KcJnBtilbtuhZRHMTMYdWaKoG7SfYLZ1A_l-pvdqU58-6fx_MgxY=)  \n    \n  \nItems in this shipment  \n   \n   \n  \n    OSSM: COMPLETE DIY KIT Г— 1 \n Includes printed parts / Wireless / Assembled \n  \n    \n  \nIf you have any questions, reply to this email or contact us at support@researchanddesire.com (mailto:support@researchanddesire.com)"
    },
    {
      "from_agent": true,
      "text": "Hi Jesse,\n\nThanks for reaching out! We'\''re bringing a flat of packages to our courier'\''s warehouse today, so you should receive tracking updates by tomorrow! Apologies for the delay."
    },
    {
      "from_agent": false,
      "text": "Awesome thank you so much! And sorry again for asking your likely most hated question рҹҳ…"
    },
    {
      "from_agent": true,
      "text": "Hi Jesse,\n\nNot at all! The delay is totally on us. Hope you have a great Wednesday."
    }
  ]
}
```

## Your Task

1. **Identify the customer'\''s problem** from the conversation messages (from_agent: false = customer, from_agent: true = agent)

2. **Search the existing documentation** in this workspace to determine if it already covers this problem adequately. @/Users/aj/RAD/docs/Documentation/Documentation
   - Look in the relevant product folder based on the "product" field (e.g., "Lockbox" -> Documentation/lockbox/, "Dashboard" -> Documentation/dashboard/, "Trainer" -> Documentation/dtt/, "OSSM" -> Documentation/ossm/, "Wireless Remote" -> Documentation/radr/)
   - If the product is not in the Documentation folder, check the "Documentation/shop" folder.
   - Check FAQs, quick-start guides, and technical docs

3. **Make a decision**:
   - If the documentation ALREADY covers this problem adequately: Output exactly "DOCS_EXIST" on a line by itself and explain why no changes are needed.
   - If the documentation does NOT cover this problem OR is incomplete: Update or create the necessary documentation.

## Rules for Documentation Updates
- Only create/update docs if there'\''s a genuine gap
- Don'\''t make unnecessary changes
- Place new content in the most appropriate existing file, or create a new file only if necessary
- Follow the existing MDX format and structure
- Be concise and helpful

## Output Format
Your FINAL line must be exactly one of:
- "DOCS_EXIST" - if no documentation changes were needed and were made
- "DOCS_CREATED" - if you created or updated documentation


When rewriting apply these rules:

@/Users/aj/RAD/docs/Documentation/.cursor/rules.mdc
'
Error: Authentication required. Please run 'agent login' first, or set CURSOR_API_KEY environment variable.
[0m
  [33mрҹ“„ Result: No docs needed[0m
  [2mAdding tag: [36mno-docs-made[0m
  [32mвң“ Tag added successfully[0m

[1m[37mв•җв•җв•җв•җв•җв•җв•җв•җв•җв•җв•җв•җв•җв•җв•җв•җв•җв•җв•җв•җв•җв•җв•җв•җв•җв•җв•җв•җв•җв•җв•җв•җв•җв•җв•җв•җв•җв•җв•җв•җв•җв•җв•җв•җв•җв•җв•җв•җв•җв•җв•җв•җв•җв•җв•җв•җв•җв•җв•җв•җв•җв•җв•җв•җв•җв•җв•җв•җв•җв•җв•җв•җв•җв•җв•җв•җв•җв•җв•җв•җ[0m
[1m[37mрҹ“Ҡ SUMMARY[0m
[1m[37mв•җв•җв•җв•җв•җв•җв•җв•җв•җв•җв•җв•җв•җв•җв•җв•җв•җв•җв•җв•җв•җв•җв•җв•җв•җв•җв•җв•җв•җв•җв•җв•җв•җв•җв•җв•җв•җв•җв•җв•җв•җв•җв•җв•җв•җв•җв•җв•җв•җв•җв•җв•җв•җв•җв•җв•җв•җв•җв•җв•җв•җв•җв•җв•җв•җв•җв•җв•җв•җв•җв•җв•җв•җв•җв•җв•җв•җв•җв•җв•җ[0m

  [36mTotal tickets analyzed:[0m      [1m1[0m
  [32mDocumentation created/updated:[0m [1m[32m0[0m
  [33mNo documentation needed:[0m       [1m1[0m


========== [16/192] ticket #259719651 ==========

> open-source-sex-machine@1.0.0 ossm /Users/aj/RAD/docs/Documentation
> node ./_scripts/run.js gorgias-tickets --analyze --ticket-id 259719651


[35m[1mрҹ”Қ Analyzing 1 tickets for documentation gaps...[0m


[34mв”Җв”Җв”Җв”Җв”Җв”Җв”Җв”Җв”Җв”Җв”Җв”Җв”Җв”Җв”Җв”Җв”Җв”Җв”Җв”Җв”Җв”Җв”Җв”Җв”Җв”Җв”Җв”Җв”Җв”Җв”Җв”Җв”Җв”Җв”Җв”Җв”Җв”Җв”Җв”Җв”Җв”Җв”Җв”Җв”Җв”Җв”Җв”Җв”Җв”Җв”Җв”Җв”Җв”Җв”Җв”Җв”Җв”Җв”Җв”Җв”Җв”Җв”Җв”Җв”Җв”Җв”Җв”Җв”Җв”Җв”Җв”Җв”Җв”Җв”Җв”Җв”Җв”Җв”Җв”Җ[0m
[1m[1/1][0m [36mAnalyzing Ticket [33m#259719651[0m
  [2mSubject:[0m Motor flashing confusion
  [2mProduct:[0m [35mOSSM[0m
  [2mContact Reason:[0m Pre-sale::Product question
Error: Authentication required. Please run 'agent login' first, or set CURSOR_API_KEY environment variable.
    [31mвҡ  AI analysis error: Command failed: agent --print --model composer-2-fast --force --workspace "/Users/aj/RAD/docs/Documentation" 'You are analyzing a customer support conversation to determine if the documentation needs updating.

## Support Ticket Data
```json
{
  "ticket_id": 259719651,
  "subject": "Motor flashing confusion",
  "channel": "email",
  "contact_reason": "Pre-sale::Product question",
  "product": "OSSM",
  "tags": [
    "no-docs-made"
  ],
  "messages": [
    {
      "from_agent": false,
      "text": "Hello, I'\''m a novice at wiring and I want to ensure I do not damage any components, so I reach out to you today, asking specifically how to wire the RS485 to usb connector to the 57aim30 motor for flashing. If you might at all be able to provide me a picture of the setup you use it may be easiest to digest but it'\''s not essential. I found through the schematics that the 6th and 7th pin on the top row of the white inlet on the motor are the A and B connections but I am unsure where to connect the 5v and G terminals from the RS485. Also do you happen to know the name of that connector on the motor to allow for easier wiring? I was considering making something with 3d modeling but as I said I am a novice at wiring these sorts of things and the knowledge will be helpful for the future. Thank you for your time and energy."
    },
    {
      "from_agent": true,
      "text": "Hi Matt,\n\nThanks for reaching out! The motor comes pre-flashed, so no worries about having to flash it on your end! Are you looking for the name of the green or white connector on the motor?"
    },
    {
      "from_agent": false,
      "text": "Thank you for your reply! Well, I happen to be using 57aim30b motors I scavenged previously. so unfortunately I do need to flash, tried hooking it up as is and got no response. Looking for the name of the white connector... mine seems to have 10 pins but the documentation I'\''m finding shows 14... I'\''ll keep looking around but if you might be able to explain how your flashing wires are distributed I may be able to figure it out on my end. Thank you for your time"
    },
    {
      "from_agent": true,
      "text": "Hi Matt,\n\nUnfortunately we'\''re only able to offer support for R+D products. For questions about any non-standard products, I can direct you to the Kinky Makers discord where there is a community of creators that are quite knowledgeable!"
    }
  ]
}
```

## Your Task

1. **Identify the customer'\''s problem** from the conversation messages (from_agent: false = customer, from_agent: true = agent)

2. **Search the existing documentation** in this workspace to determine if it already covers this problem adequately. @/Users/aj/RAD/docs/Documentation/Documentation
   - Look in the relevant product folder based on the "product" field (e.g., "Lockbox" -> Documentation/lockbox/, "Dashboard" -> Documentation/dashboard/, "Trainer" -> Documentation/dtt/, "OSSM" -> Documentation/ossm/, "Wireless Remote" -> Documentation/radr/)
   - If the product is not in the Documentation folder, check the "Documentation/shop" folder.
   - Check FAQs, quick-start guides, and technical docs

3. **Make a decision**:
   - If the documentation ALREADY covers this problem adequately: Output exactly "DOCS_EXIST" on a line by itself and explain why no changes are needed.
   - If the documentation does NOT cover this problem OR is incomplete: Update or create the necessary documentation.

## Rules for Documentation Updates
- Only create/update docs if there'\''s a genuine gap
- Don'\''t make unnecessary changes
- Place new content in the most appropriate existing file, or create a new file only if necessary
- Follow the existing MDX format and structure
- Be concise and helpful

## Output Format
Your FINAL line must be exactly one of:
- "DOCS_EXIST" - if no documentation changes were needed and were made
- "DOCS_CREATED" - if you created or updated documentation


When rewriting apply these rules:

@/Users/aj/RAD/docs/Documentation/.cursor/rules.mdc
'
Error: Authentication required. Please run 'agent login' first, or set CURSOR_API_KEY environment variable.
[0m
  [33mрҹ“„ Result: No docs needed[0m
  [2mAdding tag: [36mno-docs-made[0m
  [32mвң“ Tag added successfully[0m

[1m[37mв•җв•җв•җв•җв•җв•җв•җв•җв•җв•җв•җв•җв•җв•җв•җв•җв•җв•җв•җв•җв•җв•җв•җв•җв•җв•җв•җв•җв•җв•җв•җв•җв•җв•җв•җв•җв•җв•җв•җв•җв•җв•җв•җв•җв•җв•җв•җв•җв•җв•җв•җв•җв•җв•җв•җв•җв•җв•җв•җв•җв•җв•җв•җв•җв•җв•җв•җв•җв•җв•җв•җв•җв•җв•җв•җв•җв•җв•җв•җв•җ[0m
[1m[37mрҹ“Ҡ SUMMARY[0m
[1m[37mв•җв•җв•җв•җв•җв•җв•җв•җв•җв•җв•җв•җв•җв•җв•җв•җв•җв•җв•җв•җв•җв•җв•җв•җв•җв•җв•җв•җв•җв•җв•җв•җв•җв•җв•җв•җв•җв•җв•җв•җв•җв•җв•җв•җв•җв•җв•җв•җв•җв•җв•җв•җв•җв•җв•җв•җв•җв•җв•җв•җв•җв•җв•җв•җв•җв•җв•җв•җв•җв•җв•җв•җв•җв•җв•җв•җв•җв•җв•җв•җ[0m

  [36mTotal tickets analyzed:[0m      [1m1[0m
  [32mDocumentation created/updated:[0m [1m[32m0[0m
  [33mNo documentation needed:[0m       [1m1[0m


========== [17/192] ticket #259667631 ==========

> open-source-sex-machine@1.0.0 ossm /Users/aj/RAD/docs/Documentation
> node ./_scripts/run.js gorgias-tickets --analyze --ticket-id 259667631


[35m[1mрҹ”Қ Analyzing 1 tickets for documentation gaps...[0m


[34mв”Җв”Җв”Җв”Җв”Җв”Җв”Җв”Җв”Җв”Җв”Җв”Җв”Җв”Җв”Җв”Җв”Җв”Җв”Җв”Җв”Җв”Җв”Җв”Җв”Җв”Җв”Җв”Җв”Җв”Җв”Җв”Җв”Җв”Җв”Җв”Җв”Җв”Җв”Җв”Җв”Җв”Җв”Җв”Җв”Җв”Җв”Җв”Җв”Җв”Җв”Җв”Җв”Җв”Җв”Җв”Җв”Җв”Җв”Җв”Җв”Җв”Җв”Җв”Җв”Җв”Җв”Җв”Җв”Җв”Җв”Җв”Җв”Җв”Җв”Җв”Җв”Җв”Җв”Җв”Җ[0m
[1m[1/1][0m [36mAnalyzing Ticket [33m#259667631[0m
  [2mSubject:[0m Cant pair lockbox
  [2mProduct:[0m [35mLockbox[0m
  [2mContact Reason:[0m Tech Support:: Bug
Error: Authentication required. Please run 'agent login' first, or set CURSOR_API_KEY environment variable.
    [31mвҡ  AI analysis error: Command failed: agent --print --model composer-2-fast --force --workspace "/Users/aj/RAD/docs/Documentation" 'You are analyzing a customer support conversation to determine if the documentation needs updating.

## Support Ticket Data
```json
{
  "ticket_id": 259667631,
  "subject": "Cant pair lockbox",
  "channel": "email",
  "contact_reason": "Tech Support:: Bug",
  "product": "Lockbox",
  "tags": [
    "no-docs-made"
  ],
  "messages": [
    {
      "from_agent": false,
      "text": "I try use QR code and manualy type pair code but it will not pair. My code is ACA704EAF218. Every time I restart it updates again too. \n \n \n Sendt fra Outlook for Android (https://aka.ms/AAb9ysg)"
    },
    {
      "from_agent": true,
      "text": "Hi there,\n\nThanks for reaching out! Apologies that your device isn'\''t working as expected. We are aware of a bug that'\''s preventing the Lockbox from communicating with the dashboard properly and are working to fix it. I will keep you abreast of any updates!"
    },
    {
      "from_agent": false,
      "text": "Hi, I got new pair code and that worked. So its paired now. \n \n \n Sendt fra Outlook for Android (https://aka.ms/AAb9ysg) From: R+D Support <support@researchanddesire.com> Sent: Tuesday, April 7, 2026 5:02:01 PM To: GГёran yri <yrien@live.com> Subject: Cant pair lockbox \n \n \nHi there, \nThanks for reaching out! Apologies that your device isn'\''t working as expected. We are aware of a bug that'\''s preventing the Lockbox from communicating with the dashboard properly and are working to fix it. I will keep you abreast of any updates! \nJane Customer Service & Fulfillment Lead researchanddesire.com (http://researchanddesire.com/) Community Discord (https://discord.gg/DHTuY2AZYJ) Documentation (https://docs.researchanddesire.com/) twitter.com/ResearchDesire (http://twitter.com/ResearchDesire)"
    },
    {
      "from_agent": true,
      "text": "Hi Goran,\n\nSounds good! Thanks for letting me know. Feel free to reach out for anything further."
    }
  ]
}
```

## Your Task

1. **Identify the customer'\''s problem** from the conversation messages (from_agent: false = customer, from_agent: true = agent)

2. **Search the existing documentation** in this workspace to determine if it already covers this problem adequately. @/Users/aj/RAD/docs/Documentation/Documentation
   - Look in the relevant product folder based on the "product" field (e.g., "Lockbox" -> Documentation/lockbox/, "Dashboard" -> Documentation/dashboard/, "Trainer" -> Documentation/dtt/, "OSSM" -> Documentation/ossm/, "Wireless Remote" -> Documentation/radr/)
   - If the product is not in the Documentation folder, check the "Documentation/shop" folder.
   - Check FAQs, quick-start guides, and technical docs

3. **Make a decision**:
   - If the documentation ALREADY covers this problem adequately: Output exactly "DOCS_EXIST" on a line by itself and explain why no changes are needed.
   - If the documentation does NOT cover this problem OR is incomplete: Update or create the necessary documentation.

## Rules for Documentation Updates
- Only create/update docs if there'\''s a genuine gap
- Don'\''t make unnecessary changes
- Place new content in the most appropriate existing file, or create a new file only if necessary
- Follow the existing MDX format and structure
- Be concise and helpful

## Output Format
Your FINAL line must be exactly one of:
- "DOCS_EXIST" - if no documentation changes were needed and were made
- "DOCS_CREATED" - if you created or updated documentation


When rewriting apply these rules:

@/Users/aj/RAD/docs/Documentation/.cursor/rules.mdc
'
Error: Authentication required. Please run 'agent login' first, or set CURSOR_API_KEY environment variable.
[0m
  [33mрҹ“„ Result: No docs needed[0m
  [2mAdding tag: [36mno-docs-made[0m
  [32mвң“ Tag added successfully[0m

[1m[37mв•җв•җв•җв•җв•җв•җв•җв•җв•җв•җв•җв•җв•җв•җв•җв•җв•җв•җв•җв•җв•җв•җв•җв•җв•җв•җв•җв•җв•җв•җв•җв•җв•җв•җв•җв•җв•җв•җв•җв•җв•җв•җв•җв•җв•җв•җв•җв•җв•җв•җв•җв•җв•җв•җв•җв•җв•җв•җв•җв•җв•җв•җв•җв•җв•җв•җв•җв•җв•җв•җв•җв•җв•җв•җв•җв•җв•җв•җв•җв•җ[0m
[1m[37mрҹ“Ҡ SUMMARY[0m
[1m[37mв•җв•җв•җв•җв•җв•җв•җв•җв•җв•җв•җв•җв•җв•җв•җв•җв•җв•җв•җв•җв•җв•җв•җв•җв•җв•җв•җв•җв•җв•җв•җв•җв•җв•җв•җв•җв•җв•җв•җв•җв•җв•җв•җв•җв•җв•җв•җв•җв•җв•җв•җв•җв•җв•җв•җв•җв•җв•җв•җв•җв•җв•җв•җв•җв•җв•җв•җв•җв•җв•җв•җв•җв•җв•җв•җв•җв•җв•җв•җв•җ[0m

  [36mTotal tickets analyzed:[0m      [1m1[0m
  [32mDocumentation created/updated:[0m [1m[32m0[0m
  [33mNo documentation needed:[0m       [1m1[0m


========== [18/192] ticket #259662575 ==========

> open-source-sex-machine@1.0.0 ossm /Users/aj/RAD/docs/Documentation
> node ./_scripts/run.js gorgias-tickets --analyze --ticket-id 259662575


[35m[1mрҹ”Қ Analyzing 1 tickets for documentation gaps...[0m


[34mв”Җв”Җв”Җв”Җв”Җв”Җв”Җв”Җв”Җв”Җв”Җв”Җв”Җв”Җв”Җв”Җв”Җв”Җв”Җв”Җв”Җв”Җв”Җв”Җв”Җв”Җв”Җв”Җв”Җв”Җв”Җв”Җв”Җв”Җв”Җв”Җв”Җв”Җв”Җв”Җв”Җв”Җв”Җв”Җв”Җв”Җв”Җв”Җв”Җв”Җв”Җв”Җв”Җв”Җв”Җв”Җв”Җв”Җв”Җв”Җв”Җв”Җв”Җв”Җв”Җв”Җв”Җв”Җв”Җв”Җв”Җв”Җв”Җв”Җв”Җв”Җв”Җв”Җв”Җв”Җ[0m
[1m[1/1][0m [36mAnalyzing Ticket [33m#259662575[0m
  [2mSubject:[0m Order inquiry and modification
  [2mProduct:[0m [35mOSSM[0m
  [2mContact Reason:[0m Order::Status
Error: Authentication required. Please run 'agent login' first, or set CURSOR_API_KEY environment variable.
    [31mвҡ  AI analysis error: Command failed: agent --print --model composer-2-fast --force --workspace "/Users/aj/RAD/docs/Documentation" 'You are analyzing a customer support conversation to determine if the documentation needs updating.

## Support Ticket Data
```json
{
  "ticket_id": 259662575,
  "subject": "Order inquiry and modification",
  "channel": "email",
  "contact_reason": "Order::Status",
  "product": "OSSM",
  "tags": [
    "no-docs-made"
  ],
  "messages": [
    {
      "from_agent": false,
      "text": "Hi!\n\nI wanted to inquire about the status of my order #5917, I placed it about a week ago. \n\nAnd also wanted to ask if it is too late to exclude the 3d printed parts from the order. It is ok if it is too late, I just managed to print pretty much all the parts while waiting for it to ship рҹҳҒ\n\nThanks in advance!"
    },
    {
      "from_agent": true,
      "text": "Hi Lev,\n\nThanks for reaching out! I'\''ve removed the printed parts from your order. You can expect to be refunded for the printed parts within 5-10 business days. We'\''ll be shipping your order out to you by end of week at the latest."
    },
    {
      "from_agent": false,
      "text": "Thank you so much, Jane!"
    },
    {
      "from_agent": true,
      "text": "Thanks Lev! Have a great Wednesday."
    }
  ]
}
```

## Your Task

1. **Identify the customer'\''s problem** from the conversation messages (from_agent: false = customer, from_agent: true = agent)

2. **Search the existing documentation** in this workspace to determine if it already covers this problem adequately. @/Users/aj/RAD/docs/Documentation/Documentation
   - Look in the relevant product folder based on the "product" field (e.g., "Lockbox" -> Documentation/lockbox/, "Dashboard" -> Documentation/dashboard/, "Trainer" -> Documentation/dtt/, "OSSM" -> Documentation/ossm/, "Wireless Remote" -> Documentation/radr/)
   - If the product is not in the Documentation folder, check the "Documentation/shop" folder.
   - Check FAQs, quick-start guides, and technical docs

3. **Make a decision**:
   - If the documentation ALREADY covers this problem adequately: Output exactly "DOCS_EXIST" on a line by itself and explain why no changes are needed.
   - If the documentation does NOT cover this problem OR is incomplete: Update or create the necessary documentation.

## Rules for Documentation Updates
- Only create/update docs if there'\''s a genuine gap
- Don'\''t make unnecessary changes
- Place new content in the most appropriate existing file, or create a new file only if necessary
- Follow the existing MDX format and structure
- Be concise and helpful

## Output Format
Your FINAL line must be exactly one of:
- "DOCS_EXIST" - if no documentation changes were needed and were made
- "DOCS_CREATED" - if you created or updated documentation


When rewriting apply these rules:

@/Users/aj/RAD/docs/Documentation/.cursor/rules.mdc
'
Error: Authentication required. Please run 'agent login' first, or set CURSOR_API_KEY environment variable.
[0m
  [33mрҹ“„ Result: No docs needed[0m
  [2mAdding tag: [36mno-docs-made[0m
  [32mвң“ Tag added successfully[0m

[1m[37mв•җв•җв•җв•җв•җв•җв•җв•җв•җв•җв•җв•җв•җв•җв•җв•җв•җв•җв•җв•җв•җв•җв•җв•җв•җв•җв•җв•җв•җв•җв•җв•җв•җв•җв•җв•җв•җв•җв•җв•җв•җв•җв•җв•җв•җв•җв•җв•җв•җв•җв•җв•җв•җв•җв•җв•җв•җв•җв•җв•җв•җв•җв•җв•җв•җв•җв•җв•җв•җв•җв•җв•җв•җв•җв•җв•җв•җв•җв•җв•җ[0m
[1m[37mрҹ“Ҡ SUMMARY[0m
[1m[37mв•җв•җв•җв•җв•җв•җв•җв•җв•җв•җв•җв•җв•җв•җв•җв•җв•җв•җв•җв•җв•җв•җв•җв•җв•җв•җв•җв•җв•җв•җв•җв•җв•җв•җв•җв•җв•җв•җв•җв•җв•җв•җв•җв•җв•җв•җв•җв•җв•җв•җв•җв•җв•җв•җв•җв•җв•җв•җв•җв•җв•җв•җв•җв•җв•җв•җв•җв•җв•җв•җв•җв•җв•җв•җв•җв•җв•җв•җв•җв•җ[0m

  [36mTotal tickets analyzed:[0m      [1m1[0m
  [32mDocumentation created/updated:[0m [1m[32m0[0m
  [33mNo documentation needed:[0m       [1m1[0m


========== [19/192] ticket #259662009 ==========

> open-source-sex-machine@1.0.0 ossm /Users/aj/RAD/docs/Documentation
> node ./_scripts/run.js gorgias-tickets --analyze --ticket-id 259662009

вҖүELIFECYCLEвҖү Command failed.
Listing closed tickets since: 2026-02-25T01:15:00+07:00 (use GORGIAS_SINCE to override)
Tickets to process (loops): 192

========== [1/192] ticket #260440543 ==========

> open-source-sex-machine@1.0.0 ossm /Users/aj/RAD/docs/Documentation
> node ./_scripts/run.js gorgias-tickets --analyze --ticket-id 260440543


[35m[1mрҹ”Қ Analyzing 1 tickets for documentation gaps...[0m


[34mв”Җв”Җв”Җв”Җв”Җв”Җв”Җв”Җв”Җв”Җв”Җв”Җв”Җв”Җв”Җв”Җв”Җв”Җв”Җв”Җв”Җв”Җв”Җв”Җв”Җв”Җв”Җв”Җв”Җв”Җв”Җв”Җв”Җв”Җв”Җв”Җв”Җв”Җв”Җв”Җв”Җв”Җв”Җв”Җв”Җв”Җв”Җв”Җв”Җв”Җв”Җв”Җв”Җв”Җв”Җв”Җв”Җв”Җв”Җв”Җв”Җв”Җв”Җв”Җв”Җв”Җв”Җв”Җв”Җв”Җв”Җв”Җв”Җв”Җв”Җв”Җв”Җв”Җв”Җв”Җ[0m
[1m[1/1][0m [36mAnalyzing Ticket [33m#260440543[0m
  [2mSubject:[0m Request to Close Account: lockedlydia
  [2mProduct:[0m [35mDashboard[0m
  [2mContact Reason:[0m Tech Support::Dashboard account management
  [33mрҹ“„ Result: No docs needed[0m
  [2mAdding tag: [36mno-docs-made[0m
  [32mвң“ Tag added successfully[0m

[1m[37mв•җв•җв•җв•җв•җв•җв•җв•җв•җв•җв•җв•җв•җв•җв•җв•җв•җв•җв•җв•җв•җв•җв•җв•җв•җв•җв•җв•җв•җв•җв•җв•җв•җв•җв•җв•җв•җв•җв•җв•җв•җв•җв•җв•җв•җв•җв•җв•җв•җв•җв•җв•җв•җв•җв•җв•җв•җв•җв•җв•җв•җв•җв•җв•җв•җв•җв•җв•җв•җв•җв•җв•җв•җв•җв•җв•җв•җв•җв•җв•җ[0m
[1m[37mрҹ“Ҡ SUMMARY[0m
[1m[37mв•җв•җв•җв•җв•җв•җв•җв•җв•җв•җв•җв•җв•җв•җв•җв•җв•җв•җв•җв•җв•җв•җв•җв•җв•җв•җв•җв•җв•җв•җв•җв•җв•җв•җв•җв•җв•җв•җв•җв•җв•җв•җв•җв•җв•җв•җв•җв•җв•җв•җв•җв•җв•җв•җв•җв•җв•җв•җв•җв•җв•җв•җв•җв•җв•җв•җв•җв•җв•җв•җв•җв•җв•җв•җв•җв•җв•җв•җв•җв•җ[0m

  [36mTotal tickets analyzed:[0m      [1m1[0m
  [32mDocumentation created/updated:[0m [1m[32m0[0m
  [33mNo documentation needed:[0m       [1m1[0m


========== [2/192] ticket #260334062 ==========

> open-source-sex-machine@1.0.0 ossm /Users/aj/RAD/docs/Documentation
> node ./_scripts/run.js gorgias-tickets --analyze --ticket-id 260334062


[35m[1mрҹ”Қ Analyzing 1 tickets for documentation gaps...[0m


[34mв”Җв”Җв”Җв”Җв”Җв”Җв”Җв”Җв”Җв”Җв”Җв”Җв”Җв”Җв”Җв”Җв”Җв”Җв”Җв”Җв”Җв”Җв”Җв”Җв”Җв”Җв”Җв”Җв”Җв”Җв”Җв”Җв”Җв”Җв”Җв”Җв”Җв”Җв”Җв”Җв”Җв”Җв”Җв”Җв”Җв”Җв”Җв”Җв”Җв”Җв”Җв”Җв”Җв”Җв”Җв”Җв”Җв”Җв”Җв”Җв”Җв”Җв”Җв”Җв”Җв”Җв”Җв”Җв”Җв”Җв”Җв”Җв”Җв”Җв”Җв”Җв”Җв”Җв”Җв”Җ[0m
[1m[1/1][0m [36mAnalyzing Ticket [33m#260334062[0m
  [2mSubject:[0m New customer message on April 10, 2026 at 9:08 pm
  [2mProduct:[0m [35mOSSM[0m
  [2mContact Reason:[0m Pre-sale::Product question
  [33mрҹ“„ Result: No docs needed[0m
  [2mAdding tag: [36mno-docs-made[0m
  [32mвң“ Tag added successfully[0m

[1m[37mв•җв•җв•җв•җв•җв•җв•җв•җв•җв•җв•җв•җв•җв•җв•җв•җв•җв•җв•җв•җв•җв•җв•җв•җв•җв•җв•җв•җв•җв•җв•җв•җв•җв•җв•җв•җв•җв•җв•җв•җв•җв•җв•җв•җв•җв•җв•җв•җв•җв•җв•җв•җв•җв•җв•җв•җв•җв•җв•җв•җв•җв•җв•җв•җв•җв•җв•җв•җв•җв•җв•җв•җв•җв•җв•җв•җв•җв•җв•җв•җ[0m
[1m[37mрҹ“Ҡ SUMMARY[0m
[1m[37mв•җв•җв•җв•җв•җв•җв•җв•җв•җв•җв•җв•җв•җв•җв•җв•җв•җв•җв•җв•җв•җв•җв•җв•җв•җв•җв•җв•җв•җв•җв•җв•җв•җв•җв•җв•җв•җв•җв•җв•җв•җв•җв•җв•җв•җв•җв•җв•җв•җв•җв•җв•җв•җв•җв•җв•җв•җв•җв•җв•җв•җв•җв•җв•җв•җв•җв•җв•җв•җв•җв•җв•җв•җв•җв•җв•җв•җв•җв•җв•җ[0m

  [36mTotal tickets analyzed:[0m      [1m1[0m
  [32mDocumentation created/updated:[0m [1m[32m0[0m
  [33mNo documentation needed:[0m       [1m1[0m


========== [3/192] ticket #260279937 ==========

> open-source-sex-machine@1.0.0 ossm /Users/aj/RAD/docs/Documentation
> node ./_scripts/run.js gorgias-tickets --analyze --ticket-id 260279937


[35m[1mрҹ”Қ Analyzing 1 tickets for documentation gaps...[0m


[34mв”Җв”Җв”Җв”Җв”Җв”Җв”Җв”Җв”Җв”Җв”Җв”Җв”Җв”Җв”Җв”Җв”Җв”Җв”Җв”Җв”Җв”Җв”Җв”Җв”Җв”Җв”Җв”Җв”Җв”Җв”Җв”Җв”Җв”Җв”Җв”Җв”Җв”Җв”Җв”Җв”Җв”Җв”Җв”Җв”Җв”Җв”Җв”Җв”Җв”Җв”Җв”Җв”Җв”Җв”Җв”Җв”Җв”Җв”Җв”Җв”Җв”Җв”Җв”Җв”Җв”Җв”Җв”Җв”Җв”Җв”Җв”Җв”Җв”Җв”Җв”Җв”Җв”Җв”Җв”Җ[0m
[1m[1/1][0m [36mAnalyzing Ticket [33m#260279937[0m
  [2mSubject:[0m Conversation with Customer #925119075
  [2mProduct:[0m [35mUnknown[0m
  [2mContact Reason:[0m Unknown
  [33mрҹ“„ Result: No docs needed[0m
  [2mAdding tag: [36mno-docs-made[0m
  [32mвң“ Tag added successfully[0m

[1m[37mв•җв•җв•җв•җв•җв•җв•җв•җв•җв•җв•җв•җв•җв•җв•җв•җв•җв•җв•җв•җв•җв•җв•җв•җв•җв•җв•җв•җв•җв•җв•җв•җв•җв•җв•җв•җв•җв•җв•җв•җв•җв•җв•җв•җв•җв•җв•җв•җв•җв•җв•җв•җв•җв•җв•җв•җв•җв•җв•җв•җв•җв•җв•җв•җв•җв•җв•җв•җв•җв•җв•җв•җв•җв•җв•җв•җв•җв•җв•җв•җ[0m
[1m[37mрҹ“Ҡ SUMMARY[0m
[1m[37mв•җв•җв•җв•җв•җв•җв•җв•җв•җв•җв•җв•җв•җв•җв•җв•җв•җв•җв•җв•җв•җв•җв•җв•җв•җв•җв•җв•җв•җв•җв•җв•җв•җв•җв•җв•җв•җв•җв•җв•җв•җв•җв•җв•җв•җв•җв•җв•җв•җв•җв•җв•җв•җв•җв•җв•җв•җв•җв•җв•җв•җв•җв•җв•җв•җв•җв•җв•җв•җв•җв•җв•җв•җв•җв•җв•җв•җв•җв•җв•җ[0m

  [36mTotal tickets analyzed:[0m      [1m1[0m
  [32mDocumentation created/updated:[0m [1m[32m0[0m
  [33mNo documentation needed:[0m       [1m1[0m


========== [4/192] ticket #260246128 ==========

> open-source-sex-machine@1.0.0 ossm /Users/aj/RAD/docs/Documentation
> node ./_scripts/run.js gorgias-tickets --analyze --ticket-id 260246128


[35m[1mрҹ”Қ Analyzing 1 tickets for documentation gaps...[0m


[34mв”Җв”Җв”Җв”Җв”Җв”Җв”Җв”Җв”Җв”Җв”Җв”Җв”Җв”Җв”Җв”Җв”Җв”Җв”Җв”Җв”Җв”Җв”Җв”Җв”Җв”Җв”Җв”Җв”Җв”Җв”Җв”Җв”Җв”Җв”Җв”Җв”Җв”Җв”Җв”Җв”Җв”Җв”Җв”Җв”Җв”Җв”Җв”Җв”Җв”Җв”Җв”Җв”Җв”Җв”Җв”Җв”Җв”Җв”Җв”Җв”Җв”Җв”Җв”Җв”Җв”Җв”Җв”Җв”Җв”Җв”Җв”Җв”Җв”Җв”Җв”Җв”Җв”Җв”Җв”Җ[0m
[1m[1/1][0m [36mAnalyzing Ticket [33m#260246128[0m
  [2mSubject:[0m Re: Order #5910 confirmed
  [2mProduct:[0m [35mOSSM[0m
  [2mContact Reason:[0m Order::Missing item
  [32m[1mрҹ“қ Result: Documentation CREATED/UPDATED[0m
